1. fee

fee=0.0004999999999999999	->	Loss=0.06748558769750873,	Liq_discount=0.10418468423435046
fee=0.0006371374928515666	->	Loss=0.06506782114694803,	Liq_discount=0.10186206886523208
fee=0.0008118883695943604	->	Loss=0.06673278671339623,	Liq_discount=0.1034615097263809
fee=0.0010345690405573948	->	Loss=0.06494707122296459,	Liq_discount=0.10174607105345057
fee=0.001318325449365179	->	Loss=0.06561295799077883,	Liq_discount=0.10238575185334386
fee=0.0016799091431418903	->	Loss=0.06831875729288271,	Liq_discount=0.1049850644475886
fee=0.0021406661993596974	->	Loss=0.06536011983421938,	Liq_discount=0.10214286414022355
fee=0.0027277973905842595	->	Loss=0.0668370140078481,	Liq_discount=0.10356163515657157
fee=0.0034759639808878023	->	Loss=0.06500940699437766,	Liq_discount=0.10180595360112499
fee=0.004429333952050411	->	Loss=0.0664461295738033,	Liq_discount=0.1031861339760084
fee=0.005644189458423441	->	Loss=0.06594753415228885,	Liq_discount=0.10270716077294506
fee=0.007192249441438314	->	Loss=0.06646668223763726,	Liq_discount=0.10320587778993706
fee=0.009164903554162177	->	Loss=0.06799884143334115,	Liq_discount=0.10467773887390008
fee=0.011678607345450604	->	Loss=0.06987813967294458,	Liq_discount=0.10648307734772744
fee=0.014881757208156586	->	Loss=0.06761720685865188,	Liq_discount=0.10431112352455851
fee=0.018963450953661247	->	Loss=0.07154696794746025,	Liq_discount=0.10808622890010156
fee=0.02416465119285876	->	Loss=0.07709960776803287,	Liq_discount=0.11342034462911998
fee=0.0307924105533013	->	Loss=0.079699697505009,	Liq_discount=0.11591810785724777
fee=0.03923799851757305	->	Loss=0.08373159527668264,	Liq_discount=0.11979133032739553
fee=0.049999999999999996	->	Loss=0.08938104300360358,	Liq_discount=0.12521844408845506

2. A

A=10	->	Loss=0.02102170543418808,	Liq_discount=0.20151547788993884
A=11	->	Loss=0.022334071919916182,	Liq_discount=0.18741713664241788
A=14	->	Loss=0.027378523866124934,	Liq_discount=0.1584807725177252
A=17	->	Loss=0.033589353955905,	Liq_discount=0.141973062021153
A=20	->	Loss=0.04012002836908164,	Liq_discount=0.1322831757324705
A=24	->	Loss=0.044194848026287994,	Liq_discount=0.12119183403877509
A=29	->	Loss=0.052583984833126075,	Liq_discount=0.1161166063554937
A=35	->	Loss=0.06443888566259835,	Liq_discount=0.11667207413365888
A=41	->	Loss=0.06716693657020797,	Liq_discount=0.11177767252664828
A=50	->	Loss=0.0656405235879743,	Liq_discount=0.10241223260670285
A=59	->	Loss=0.06677536066047246,	Liq_discount=0.0979772821187811
A=71	->	Loss=0.06716652165999279,	Liq_discount=0.0931444428987378
A=85	->	Loss=0.07368750078247144,	Liq_discount=0.09527569056318741
A=102	->	Loss=0.08514317325070987,	Liq_discount=0.10293918932577006
A=122	->	Loss=0.09886608871787182,	Liq_discount=0.11354070205439015
A=146	->	Loss=0.09316222772662018,	Liq_discount=0.10551571326838949
A=175	->	Loss=0.10665187240505122,	Liq_discount=0.11681426727475419
A=209	->	Loss=0.10046950504238633,	Liq_discount=0.10904405000919848
A=250	->	Loss=0.10863706615464853,	Liq_discount=0.11574482983116963
A=300	->	Loss=0.10433570229263003,	Liq_discount=0.11029064662111543

3. avg_loss

range_size=4	->	Loss=0.004138225518490386,	Liq_discount=0.03226297114144139
range_size=9	->	Loss=0.0021137836600148576,	Liq_discount=0.06403324170598912
range_size=14	->	Loss=0.001460972186930119,	Liq_discount=0.09561634219037041
range_size=19	->	Loss=0.0010997934296321091,	Liq_discount=0.12601302418284488
range_size=24	->	Loss=0.0008932948495648906,	Liq_discount=0.155155962941794
range_size=29	->	Loss=0.000768626522911668,	Liq_discount=0.18304385280795998
range_size=34	->	Loss=0.0006873257459246718,	Liq_discount=0.20970763234416578
range_size=39	->	Loss=0.0006121416132388676,	Liq_discount=0.23517995235888534
range_size=44	->	Loss=0.0005787870330138176,	Liq_discount=0.2595479134715617
range_size=50	->	Loss=0.000532265037029544,	Liq_discount=0.28736471236235483

