1. fee

fee=0.0004999999999999999	->	Loss=0.054290063366486806,	Liq_discount=0.07305117478598211
fee=0.000620235917330657	->	Loss=0.053040997298097255,	Liq_discount=0.07182688784570757
fee=0.0007693851862940024	->	Loss=0.051580680505570076,	Liq_discount=0.07039554099945144
fee=0.0009544006536033582	->	Loss=0.054109938488863384,	Liq_discount=0.07287462324809812
fee=0.001183907129777315	->	Loss=0.05345212607160665,	Liq_discount=0.07222986059544179
fee=0.0014686034493434765	->	Loss=0.05480629145680872,	Liq_discount=0.07355716187920203
fee=0.0018217612151970348	->	Loss=0.05237140893800572,	Liq_discount=0.07117058286283584
fee=0.0022598434769302905	->	Loss=0.05434536077189071,	Liq_discount=0.07310537519457572
fee=0.0028032721838751207	->	Loss=0.05617016739448136,	Liq_discount=0.07489398107628453
fee=0.0034773801889865963	->	Loss=0.05133949464955865,	Liq_discount=0.070159139818468
fee=0.0043135921828471105	->	Loss=0.05414199377017051,	Liq_discount=0.07290604261274525
fee=0.005350889609037058	->	Loss=0.052228873635111125,	Liq_discount=0.07103087519301898
fee=0.006637627850392354	->	Loss=0.05370844532750387,	Liq_discount=0.07248109495804078
fee=0.008233790397375247	->	Loss=0.052275838745198054,	Liq_discount=0.0710769086034071
fee=0.010213785080448772	->	Loss=0.05595723817736175,	Liq_discount=0.07468527597547392
fee=0.012669912717580646	->	Loss=0.05499285499032327,	Liq_discount=0.07374002434212035
fee=0.01571666987377597	->	Loss=0.05875877427248157,	Liq_discount=0.0774312348488787
fee=0.019496086313089075	->	Loss=0.05955180697418484,	Liq_discount=0.07820853526915028
fee=0.02418434595751294	->	Loss=0.06096519699478138,	Liq_discount=0.07959388628261743
fee=0.029999999999999995	->	Loss=0.06269162793745946,	Liq_discount=0.08128606807339489

2. A

A=29	->	Loss=0.026443436254463482,	Liq_discount=0.09172901271177869
A=34	->	Loss=0.030432272619911712,	Liq_discount=0.0861181160242005
A=40	->	Loss=0.03562243416877992,	Liq_discount=0.08287126364409003
A=46	->	Loss=0.04198534519564102,	Liq_discount=0.08290858062682871
A=54	->	Loss=0.048444777814482975,	Liq_discount=0.08316106117703648
A=62	->	Loss=0.05329439387356606,	Liq_discount=0.08343555633056088
A=72	->	Loss=0.055275747319765055,	Liq_discount=0.08122353015939576
A=84	->	Loss=0.05685097698057495,	Liq_discount=0.07909069195689156
A=98	->	Loss=0.05912303973089337,	Liq_discount=0.0781660378864093
A=113	->	Loss=0.06087140239656593,	Liq_discount=0.07737403920136632
A=131	->	Loss=0.0630622334688558,	Liq_discount=0.07727816716139813
A=152	->	Loss=0.06469345801664766,	Liq_discount=0.07693450542190894
A=177	->	Loss=0.06470396592715862,	Liq_discount=0.07522387530737396
A=205	->	Loss=0.06280170147209185,	Liq_discount=0.0719089283906793
A=238	->	Loss=0.06612434683184348,	Liq_discount=0.07394529370131908
A=276	->	Loss=0.0657360270168668,	Liq_discount=0.07248615368529088
A=320	->	Loss=0.06775787272018947,	Liq_discount=0.07356960991051953
A=371	->	Loss=0.07016274625166602,	Liq_discount=0.07516437965168432
A=431	->	Loss=0.06779455381551486,	Liq_discount=0.07211218567738342
A=499	->	Loss=0.07176172672106343,	Liq_discount=0.07547606751470493


3. Avg loss

range_size=4	->	Loss=0.006562307629900879,	Liq_discount=0.02627024820756707
range_size=7	->	Loss=0.0048237086621652015,	Liq_discount=0.03902755701910621
range_size=10	->	Loss=0.003642594609378397,	Liq_discount=0.052079173473772444
range_size=13	->	Loss=0.002913882135867554,	Liq_discount=0.0653081303640567
range_size=17	->	Loss=0.0023352253345155075,	Liq_discount=0.08291397127010358
range_size=20	->	Loss=0.002043338874600902,	Liq_discount=0.09594951647317751
range_size=23	->	Loss=0.001819402983997958,	Liq_discount=0.10879313740907859
range_size=27	->	Loss=0.0015422521164553174,	Liq_discount=0.12555065425331058
range_size=30	->	Loss=0.0013993841603682528,	Liq_discount=0.13789191646734633
range_size=33	->	Loss=0.0013318607833192628,	Liq_discount=0.15005904621017663
range_size=36	->	Loss=0.0011826408021044078,	Liq_discount=0.16192277867202598
range_size=40	->	Loss=0.00111979491959952,	Liq_discount=0.17749971029189315
range_size=43	->	Loss=0.0010549574094273222,	Liq_discount=0.18890662729189267
range_size=46	->	Loss=0.0009976776061958082,	Liq_discount=0.20010136735632045
range_size=50	->	Loss=0.0009375684371604955,	Liq_discount=0.21470895318229777
