A=10	->	Loss=0.0714050289278576,	Liq_discount=0.24260965148446367
A=11	->	Loss=0.07034344036547036,	Liq_discount=0.22731991831763443
A=12	->	Loss=0.0812879239456572,	Liq_discount=0.2243690595515413
A=13	->	Loss=0.0856106845930249,	Liq_discount=0.21775213310099983
A=14	->	Loss=0.08464805224214067,	Liq_discount=0.208030788078584
A=15	->	Loss=0.09369366561292058,	Liq_discount=0.20815582017087841
A=17	->	Loss=0.10254796406360434,	Liq_discount=0.20319791019535938
A=18	->	Loss=0.10840989816068802,	Liq_discount=0.20309884037205395
A=19	->	Loss=0.11186739059150252,	Liq_discount=0.201437761878261
A=21	->	Loss=0.11571899249865703,	Liq_discount=0.19673725535832798
A=23	->	Loss=0.12381953816441604,	Liq_discount=0.19736249974579034
A=25	->	Loss=0.14255171642043163,	Liq_discount=0.20895239146878986
A=27	->	Loss=0.14780239318220612,	Liq_discount=0.2090554967884901
A=29	->	Loss=0.14308054693866457,	Liq_discount=0.20054457373887735
A=31	->	Loss=0.1626313847742502,	Liq_discount=0.21525673849613636
A=34	->	Loss=0.1818989379807282,	Liq_discount=0.22888549326922591
A=36	->	Loss=0.1862664014519213,	Liq_discount=0.2304643914067558
A=39	->	Loss=0.19136735490389545,	Liq_discount=0.2319802727555722
A=43	->	Loss=0.196917660148353,	Liq_discount=0.23357083558454061
A=46	->	Loss=0.19994415292452627,	Liq_discount=0.23411990756854484
A=50	->	Loss=0.20401216144434364,	Liq_discount=0.23533825586596013
A=54	->	Loss=0.2072779959132489,	Liq_discount=0.23619945110572693
A=58	->	Loss=0.2097315351121526,	Liq_discount=0.23660295563789058
A=63	->	Loss=0.21230801422170975,	Liq_discount=0.23699357589533165
A=68	->	Loss=0.21401879926036949,	Liq_discount=0.2368612384138532
A=73	->	Loss=0.21563403399716907,	Liq_discount=0.23688559034065249
A=79	->	Loss=0.21714533494870747,	Liq_discount=0.23676159594182544
A=85	->	Loss=0.2181321053763885,	Liq_discount=0.23635393926812742
A=92	->	Loss=0.21908834839257985,	Liq_discount=0.23591538791557698
A=100	->	Loss=0.2198440851729151,	Liq_discount=0.2353209153040987
A=108	->	Loss=0.2200537272148141,	Liq_discount=0.2343889031535551
A=116	->	Loss=0.2200282099095241,	Liq_discount=0.23338211897658556
A=126	->	Loss=0.21973901123443307,	Liq_discount=0.2320444857063816
A=136	->	Loss=0.21979026147323177,	Liq_discount=0.2311955810704427
A=147	->	Loss=0.2212775605997359,	Liq_discount=0.23181401680518787
A=158	->	Loss=0.2229592037172876,	Liq_discount=0.23274470573485218
A=171	->	Loss=0.22466559395786168,	Liq_discount=0.2336908420968148
A=185	->	Loss=0.227890110044627,	Liq_discount=0.23620066045975996
A=200	->	Loss=0.2298762571336016,	Liq_discount=0.23754626842480653


Optimal:
A=21	->	Loss=0.11571899249865703,	Liq_discount=0.19673725535832798
A=23	->	Loss=0.12381953816441604,	Liq_discount=0.19736249974579034

A=22
liquidation_discount = 0.125
borrowing_discount = 0.155 (e.g. +3%)
