1. Fee

fee=0.0004999999999999999	->	Loss=0.002918820381932722,	Liq_discount=0.06761362682857741
fee=0.0006371374928515666	->	Loss=0.0029094953254205184,	Liq_discount=0.0676049068208201
fee=0.0008118883695943604	->	Loss=0.002841260014597062,	Liq_discount=0.0675410989029881
fee=0.0010345690405573948	->	Loss=0.0027637127728101746,	Liq_discount=0.06746858325130678
fee=0.001318325449365179	->	Loss=0.002918719174590697,	Liq_discount=0.06761353218799204
fee=0.0016799091431418903	->	Loss=0.002882841368921521,	Liq_discount=0.06757998228474538
fee=0.0021406661993596974	->	Loss=0.0029267197997158816,	Liq_discount=0.06762101369902251
fee=0.0027277973905842595	->	Loss=0.0029211552225310838,	Liq_discount=0.06761581017493079
fee=0.0034759639808878023	->	Loss=0.0029108819828558992,	Liq_discount=0.06760620350610858
fee=0.004429333952050411	->	Loss=0.003067741575922861,	Liq_discount=0.06775288539126134
fee=0.005644189458423441	->	Loss=0.0030057164055483612,	Liq_discount=0.0676948846739347
fee=0.007192249441438314	->	Loss=0.0032638058190871256,	Liq_discount=0.06793622816447731
fee=0.009164903554162177	->	Loss=0.0032286805969558357,	Liq_discount=0.06790338201399393
fee=0.011678607345450604	->	Loss=0.0034544149457660838,	Liq_discount=0.06811446977203184
fee=0.014881757208156586	->	Loss=0.00371083856594985,	Liq_discount=0.068354255552875
fee=0.018963450953661247	->	Loss=0.003964924240487227,	Liq_discount=0.06859185508378518
fee=0.02416465119285876	->	Loss=0.004234446030048038,	Liq_discount=0.06884388916987194
fee=0.0307924105533013	->	Loss=0.0046466925537881135,	Liq_discount=0.06922938741111817
fee=0.03923799851757305	->	Loss=0.005158594026896391,	Liq_discount=0.06970807457088923
fee=0.049999999999999996	->	Loss=0.005447755452014297,	Liq_discount=0.0699784739906536

Optimal: 0.3%

2. A

A=3	->	Loss=0.011219824006490154,	Liq_discount=0.5141035542202959
A=4	->	Loss=0.013326248576570745,	Liq_discount=0.4158797130996216
A=5	->	Loss=0.015237921721243558,	Liq_discount=0.3499710911451568
A=6	->	Loss=0.017301617916943658,	Liq_discount=0.30331189486521315
A=7	->	Loss=0.021255021811202316,	Liq_discount=0.27019922772500515
A=8	->	Loss=0.023799362051797193,	Liq_discount=0.24424180714365318
A=9	->	Loss=0.026235563281637928,	Liq_discount=0.22391899820403915
A=10	->	Loss=0.027115524477617246,	Liq_discount=0.2064857823529972
A=11	->	Loss=0.031545664551675526,	Liq_discount=0.19507331254239813
A=12	->	Loss=0.0325100220401155,	Liq_discount=0.18318787676946147
A=14	->	Loss=0.037190464173298625,	Liq_discount=0.1669701351629096
A=15	->	Loss=0.042441789664441704,	Liq_discount=0.16337681098236478
A=16	->	Loss=0.04257604613573749,	Liq_discount=0.15632193476712175
A=18	->	Loss=0.0513683012522237,	Liq_discount=0.15211519370571003
A=19	->	Loss=0.050011025323108665,	Liq_discount=0.14581976410684416
A=21	->	Loss=0.059732315778772964,	Liq_discount=0.14588010562438236
A=23	->	Loss=0.05554052578308103,	Liq_discount=0.13481454506671786
A=25	->	Loss=0.06741187025728605,	Liq_discount=0.1396313644738788
A=27	->	Loss=0.06843155712170848,	Liq_discount=0.13538957001855612
A=30	->	Loss=0.07506572084991125,	Liq_discount=0.135079333972569
A=33	->	Loss=0.07811311090627014,	Liq_discount=0.1326253994015122
A=36	->	Loss=0.0821479608494192,	Liq_discount=0.13200115024553682
A=39	->	Loss=0.09371647358019584,	Liq_discount=0.13923382763710634
A=42	->	Loss=0.09783081764190774,	Liq_discount=0.13996776977638925
A=46	->	Loss=0.11056069624677083,	Liq_discount=0.14855461820475824
A=50	->	Loss=0.11141359555855043,	Liq_discount=0.14638390573038262
A=55	->	Loss=0.11167060580873045,	Liq_discount=0.14349962289577223
A=60	->	Loss=0.12124775270162527,	Liq_discount=0.1501453742555945
A=65	->	Loss=0.12580455996790696,	Liq_discount=0.15236863902690123
A=71	->	Loss=0.12690866415871743,	Liq_discount=0.15122286222660508
A=77	->	Loss=0.1374514514368688,	Liq_discount=0.15962008499011826
A=84	->	Loss=0.1394382640950135,	Liq_discount=0.1597305479854002
A=92	->	Loss=0.15335642198649624,	Liq_discount=0.17159984929328576
A=100	->	Loss=0.14395356923964997,	Liq_discount=0.16093592487072972
A=109	->	Loss=0.14618142906369558,	Liq_discount=0.16173145726881077
A=119	->	Loss=0.1579322050635315,	Liq_discount=0.17198828827807577
A=130	->	Loss=0.14191124077404574,	Liq_discount=0.1550303417098453
A=141	->	Loss=0.15694838270135716,	Liq_discount=0.16883784157224013
A=154	->	Loss=0.15492965980543616,	Liq_discount=0.16584684032479124
A=168	->	Loss=0.16529828293798143,	Liq_discount=0.1751872600607991
A=183	->	Loss=0.16384455243920423,	Liq_discount=0.17294237547248936
A=200	->	Loss=0.16307037366897234,	Liq_discount=0.17140573502273415

Optimal: A = 35
liq_discount = 8.2%
loan_discount = 11.2%
discount for liuquidation = 13.2% + 3% = 16.2% -> LTV = 83.8%
