Result:
Optimal A = 23
liquidation_discount = 0.08 (1% higher)
loan_discount = 0.13
LTV ~ 81%

$ python3 example_ethfi/2_simulate_A.py
A=10	->	Loss=0.033586424686119706,	Liq_discount=0.21176364570225514
A=10	->	Loss=0.035641018057127244,	Liq_discount=0.21343943464986115
A=11	->	Loss=0.03889593282787923,	Liq_discount=0.20118245664855827
A=12	->	Loss=0.04146591518493406,	Liq_discount=0.19074897017786085
A=13	->	Loss=0.04221267396219594,	Liq_discount=0.18062571367371627
A=14	->	Loss=0.04524221690551514,	Liq_discount=0.1739365706214666
A=15	->	Loss=0.047584468020344446,	Liq_discount=0.16786999366281996
A=16	->	Loss=0.05309861305722829,	Liq_discount=0.16559437762357598
A=17	->	Loss=0.05523370420607192,	Liq_discount=0.1611899815012029
A=18	->	Loss=0.057842294937064116,	Liq_discount=0.1579016342059245
A=20	->	Loss=0.06167475815202618,	Liq_discount=0.15176832202990043
A=21	->	Loss=0.06452024137268182,	Liq_discount=0.15022935910950552
A=23	->	Loss=0.07009461465222426,	Liq_discount=0.1481470239534689
A=24	->	Loss=0.07565690271813307,	Liq_discount=0.15011939372394467
A=26	->	Loss=0.08099988437259328,	Liq_discount=0.14951563560617975
A=28	->	Loss=0.08683602815038599,	Liq_discount=0.1501952250903652
A=30	->	Loss=0.08691041486616889,	Liq_discount=0.14615549459107957
A=32	->	Loss=0.09617897246061245,	Liq_discount=0.15125069226585608
A=34	->	Loss=0.09859235164788423,	Liq_discount=0.1503635108274498
A=37	->	Loss=0.10683912634043864,	Liq_discount=0.1540689070053991
A=40	->	Loss=0.11132871759988036,	Liq_discount=0.1548683843957761
A=42	->	Loss=0.11324770639689576,	Liq_discount=0.1546645932528965
A=46	->	Loss=0.11669739412700221,	Liq_discount=0.1544291765332998
A=49	->	Loss=0.11957049541178956,	Liq_discount=0.15491518654873326
A=52	->	Loss=0.12382255775396364,	Liq_discount=0.1569990292438942
A=56	->	Loss=0.12827207362117057,	Liq_discount=0.15895660288740798
A=60	->	Loss=0.12423723454788789,	Liq_discount=0.15303654748836415
A=65	->	Loss=0.1308869949916095,	Liq_discount=0.1572966346660002
A=69	->	Loss=0.13789163111930625,	Liq_discount=0.16258766721596174
A=74	->	Loss=0.14166575323504982,	Liq_discount=0.1646105881954183
A=80	->	Loss=0.13895288109396894,	Liq_discount=0.16026148375488158
A=86	->	Loss=0.13781851203029072,	Liq_discount=0.15768065785121843
A=92	->	Loss=0.14356825286582603,	Liq_discount=0.16202259507997063
A=98	->	Loss=0.14313680830736641,	Liq_discount=0.16047939917521514
A=105	->	Loss=0.14372641267724817,	Liq_discount=0.1599106395595703
A=113	->	Loss=0.14412536411428215,	Liq_discount=0.15916503844909247
A=121	->	Loss=0.14543750886013015,	Liq_discount=0.15946796235908678
A=130	->	Loss=0.15056118831723178,	Liq_discount=0.16354804240363685
A=139	->	Loss=0.15227384389185128,	Liq_discount=0.16440024137196418
A=149	->	Loss=0.15019488056878127,	Liq_discount=0.16153961976057007
A=160	->	Loss=0.1530707847133436,	Liq_discount=0.1636037689096289
A=172	->	Loss=0.15301934249129456,	Liq_discount=0.16282153552604983
A=184	->	Loss=0.15256953359878123,	Liq_discount=0.1617401448422573
A=197	->	Loss=0.15274749516067182,	Liq_discount=0.16131363673546806
A=212	->	Loss=0.1539401036888186,	Liq_discount=0.161891266067675
A=227	->	Loss=0.15253184875836853,	Liq_discount=0.15997184831892552
A=243	->	Loss=0.15507506802819826,	Liq_discount=0.16200596755743935
A=261	->	Loss=0.1509414423981072,	Liq_discount=0.15742741411632433
A=279	->	Loss=0.15474851698542633,	Liq_discount=0.16079004634338567
A=300	->	Loss=0.15563334133098825,	Liq_discount=0.16124722641949052

