1. fee

fee=0.0004999999999999999	->	Loss=0.1117648355672661,	Liq_discount=0.14672132269162852
fee=0.0006371374928515666	->	Loss=0.11126939787104359,	Liq_discount=0.14624538294160594
fee=0.0008118883695943604	->	Loss=0.10679210756141273,	Liq_discount=0.14194429635293515
fee=0.0010345690405573948	->	Loss=0.10724460520446068,	Liq_discount=0.14237898595520015
fee=0.001318325449365179	->	Loss=0.11006028678185578,	Liq_discount=0.14508385640875354
fee=0.0016799091431418903	->	Loss=0.10732234455160317,	Liq_discount=0.14245366587101604
fee=0.0021406661993596974	->	Loss=0.11347439086235774,	Liq_discount=0.14836359845304015
fee=0.0027277973905842595	->	Loss=0.11412150573562911,	Liq_discount=0.14898524612613595
fee=0.0034759639808878023	->	Loss=0.11113174002355898,	Liq_discount=0.14611314261750452
fee=0.004429333952050411	->	Loss=0.11353813139748212,	Liq_discount=0.14842483047996247
fee=0.005644189458423441	->	Loss=0.11748571574267222,	Liq_discount=0.15221705767778815
fee=0.007192249441438314	->	Loss=0.12405057967581488,	Liq_discount=0.15852356144828328
fee=0.009164903554162177	->	Loss=0.12370811421760561,	Liq_discount=0.15819457371518542
fee=0.011678607345450604	->	Loss=0.12296187727769103,	Liq_discount=0.15747770492351165
fee=0.014881757208156586	->	Loss=0.12892823392074906,	Liq_discount=0.16320925565308664
fee=0.018963450953661247	->	Loss=0.13116606545371826,	Liq_discount=0.1653590173456564
fee=0.02416465119285876	->	Loss=0.14051273431732417,	Liq_discount=0.17433784813791664
fee=0.0307924105533013	->	Loss=0.14335610707415858,	Liq_discount=0.1770693199847848
fee=0.03923799851757305	->	Loss=0.14331550859367786,	Liq_discount=0.1770303192571483
fee=0.049999999999999996	->	Loss=0.14026297745342176,	Liq_discount=0.17409792045320782


fee = 0.15%

2. A

A=10	->	Loss=0.03063505149028587,	Liq_discount=0.20935641580867614
A=12	->	Loss=0.035751430314045346,	Liq_discount=0.18592446488386094
A=16	->	Loss=0.0462607000441535,	Liq_discount=0.1595688366938579
A=20	->	Loss=0.05487811836685896,	Liq_discount=0.14562426353886315
A=26	->	Loss=0.06955581272074246,	Liq_discount=0.1389247729507851
A=33	->	Loss=0.08498948156046024,	Liq_discount=0.1390951619291132
A=42	->	Loss=0.10108813485753267,	Liq_discount=0.14307294987373798
A=54	->	Loss=0.11713953122787454,	Liq_discount=0.1493495737865127
A=69	->	Loss=0.13022808096529048,	Liq_discount=0.1551436478286845
A=88	->	Loss=0.1347735369798932,	Liq_discount=0.15425700850020907
A=112	->	Loss=0.14519917144958,	Liq_discount=0.160353117608396
A=143	->	Loss=0.1459489718697745,	Liq_discount=0.1578260559120761
A=183	->	Loss=0.15026767084486084,	Liq_discount=0.15951321768530347
A=233	->	Loss=0.1529129262685495,	Liq_discount=0.16015874643911832
A=297	->	Loss=0.16034952484316825,	Liq_discount=0.16598828865005522
A=379	->	Loss=0.16457704117984087,	Liq_discount=0.16897616411713534
A=483	->	Loss=0.1595288551411849,	Liq_discount=0.1630032171886555
A=615	->	Loss=0.16579559110267753,	Liq_discount=0.1685048691473
A=784	->	Loss=0.1662461762521643,	Liq_discount=0.16837089611215483
A=1000	->	Loss=0.16383605065412737,	Liq_discount=0.16550702030895825

A = 30

liq_discount = 8%
loan_discount = 11%
max ltv ~= 83%
