We simulate for SUSD, but actually we are to use results for other stables.

0. T

Texp=499	->	Loss=0.07497421836470766,	Liq_discount=0.0933249949431405
Texp=680	->	Loss=0.07038786879943372,	Liq_discount=0.08882962995132804
Texp=925	->	Loss=0.06813215251733763,	Liq_discount=0.0866186628495671
Texp=1258	->	Loss=0.06499855546998975,	Liq_discount=0.08354723049043056
Texp=1711	->	Loss=0.06165060992851146,	Liq_discount=0.0802657019092663
Texp=2328	->	Loss=0.05753016863723148,	Liq_discount=0.07622700244512459
Texp=3166	->	Loss=0.050444127144067694,	Liq_discount=0.06928153472498222
Texp=4307	->	Loss=0.042639764809991244,	Liq_discount=0.061631996302166425
Texp=5859	->	Loss=0.03635249091312205,	Liq_discount=0.055469450127334285
Texp=7969	->	Loss=0.029300015770269416,	Liq_discount=0.04855688286406812
Texp=10840	->	Loss=0.022884882138259767,	Liq_discount=0.042269013451433746
Texp=14745	->	Loss=0.017380414201740135,	Liq_discount=0.03687374383488706
Texp=20057	->	Loss=0.014083499102741792,	Liq_discount=0.033642233347934036
Texp=27282	->	Loss=0.011902335820726917,	Liq_discount=0.03150434025456028
Texp=37110	->	Loss=0.011645545760980114,	Liq_discount=0.03125264442797715
Texp=50478	->	Loss=0.0170971713875225,	Liq_discount=0.036596120026868295
Texp=68661	->	Loss=0.011703242348599319,	Liq_discount=0.0313091964235106
Texp=93395	->	Loss=0.011709241685314276,	Liq_discount=0.03131507674463718
Texp=127038	->	Loss=0.018444071570856403,	Liq_discount=0.03791630023673931
Texp=172799	->	Loss=0.014086506871675786,	Liq_discount=0.033645181448373584

1. fee

fee=0.0001	->	Loss=0.010621923328365323,	Liq_discount=0.030249328744573534
fee=0.00013216207294336048	->	Loss=0.010551160288445483,	Liq_discount=0.030179969510646387
fee=0.00017466813524686118	->	Loss=0.009786729363178504,	Liq_discount=0.029430703461210572
fee=0.00023084502831376423	->	Loss=0.00929541174410603,	Liq_discount=0.02894913266221122
fee=0.00030508957470615824	->	Loss=0.014166304610535464,	Liq_discount=0.03372339614975872
fee=0.0004032127062657407	->	Loss=0.011276617502661934,	Liq_discount=0.030891035014361745
fee=0.000532894270971826	->	Loss=0.010717594454768609,	Liq_discount=0.030343101935264682
fee=0.0007042841151127738	->	Loss=0.017554591870242563,	Liq_discount=0.0370444661451248
fee=0.000930796485943845	->	Loss=0.011173195347928733,	Liq_discount=0.030789664561205354
fee=0.0012301599307073393	->	Loss=0.015807602834523805,	Liq_discount=0.03533213409531477
fee=0.0016258048649414264	->	Loss=0.008628459011835532,	Liq_discount=0.028295411021247885
fee=0.002148697411520589	->	Loss=0.010569387405001874,	Liq_discount=0.03019783503539608
fee=0.0028397630403459396	->	Loss=0.009557614977885065,	Liq_discount=0.0292061342756067
fee=0.0037530897008005923	->	Loss=0.011413904560039212,	Liq_discount=0.031025598554008993
fee=0.004960161148001828	->	Loss=0.010118374146888764,	Liq_discount=0.02975576903442745
fee=0.006555451794530403	->	Loss=0.00856361232245687,	Liq_discount=0.028231850768563493
fee=0.008663820982454096	->	Loss=0.01669988813559863,	Liq_discount=0.03620671812953924
fee=0.011450285406513152	->	Loss=0.012691335825134242,	Liq_discount=0.0322776879786868
fee=0.015132934551178857	->	Loss=0.015764064870620875,	Liq_discount=0.03528945984295828
fee=0.020000000000000004	->	Loss=0.01641517845083885,	Liq_discount=0.03592765655093877

0.03% ~optimal

2. A

A=49	->	Loss=0.008676533557485067,	Liq_discount=0.04847304373305317
A=55	->	Loss=0.010600358268833543,	Liq_discount=0.046050742223812446
A=62	->	Loss=0.008557751457538098,	Liq_discount=0.0401232367432095
A=69	->	Loss=0.012879786738325039,	Liq_discount=0.041156923695131686
A=77	->	Loss=0.009682410881067471,	Liq_discount=0.03513487703046503
A=85	->	Loss=0.010707350774785384,	Liq_discount=0.03376332538182325
A=95	->	Loss=0.011977472815458533,	Liq_discount=0.03260076785364707
A=106	->	Loss=0.018795282797025015,	Liq_discount=0.03716718765739191
A=118	->	Loss=0.01472439397671722,	Liq_discount=0.03130936847490562
A=132	->	Loss=0.016712071090235814,	Liq_discount=0.03151893650465787
A=147	->	Loss=0.022096593387017895,	Liq_discount=0.035328055453110796
A=164	->	Loss=0.026648323587974254,	Liq_discount=0.038459795956704346
A=183	->	Loss=0.02252789043076987,	Liq_discount=0.033163315098246104
A=203	->	Loss=0.02690794475043007,	Liq_discount=0.03645675919686786
A=227	->	Loss=0.026501079454351116,	Liq_discount=0.03504751453919863
A=253	->	Loss=0.03416727710163166,	Liq_discount=0.04177783600330309
A=282	->	Loss=0.026656038899799218,	Liq_discount=0.03353932528740944
A=314	->	Loss=0.027900812045014923,	Liq_discount=0.03407652468271749
A=350	->	Loss=0.03776122336381528,	Liq_discount=0.04324698029024199
A=390	->	Loss=0.03478170802930991,	Liq_discount=0.03972124343029504
A=434	->	Loss=0.032314248372674145,	Liq_discount=0.03676528861743311
A=484	->	Loss=0.03929896532306989,	Liq_discount=0.043262145360022375
A=539	->	Loss=0.04256472962559118,	Liq_discount=0.04611201364006057
A=601	->	Loss=0.03293134291238505,	Liq_discount=0.03614519349638734
A=669	->	Loss=0.04057792700971139,	Liq_discount=0.04344267297505744
A=746	->	Loss=0.030890309216384314,	Liq_discount=0.033485630226432694
A=831	->	Loss=0.030742243926860414,	Liq_discount=0.033072714480001486
A=926	->	Loss=0.033523479161246685,	Liq_discount=0.03560907064661145
A=1032	->	Loss=0.035703338562484185,	Liq_discount=0.037570659778795035
A=1150	->	Loss=0.03911735462579461,	Liq_discount=0.04078727460480491
A=1281	->	Loss=0.040998184520051925,	Liq_discount=0.04249450572523272
A=1427	->	Loss=0.03558797617991183,	Liq_discount=0.036938870445432204
A=1591	->	Loss=0.03740899214144552,	Liq_discount=0.03861841960316792
A=1772	->	Loss=0.03582465583346017,	Liq_discount=0.03691239098588406
A=1975	->	Loss=0.04125441723774877,	Liq_discount=0.04222489950500741
A=2200	->	Loss=0.03431124825224798,	Liq_discount=0.03518882295014081
A=2452	->	Loss=0.041823320116586474,	Liq_discount=0.042604608229308005
A=2732	->	Loss=0.0343679983873381,	Liq_discount=0.03507469301541477
A=3043	->	Loss=0.037851470077750825,	Liq_discount=0.03848366965890537
A=3391	->	Loss=0.03758727761492943,	Liq_discount=0.03815476929867867
A=3778	->	Loss=0.03962550688415413,	Liq_discount=0.04013380120663135
A=4210	->	Loss=0.038969417156916396,	Liq_discount=0.039425875649900965
A=4691	->	Loss=0.04533747293923712,	Liq_discount=0.04574442121859823
A=5226	->	Loss=0.03526307565374176,	Liq_discount=0.03563222488649764
A=5823	->	Loss=0.03817821146124545,	Liq_discount=0.03850851803573718
A=6488	->	Loss=0.037256176720462574,	Liq_discount=0.03755291632122271
A=7229	->	Loss=0.0388610239585098,	Liq_discount=0.03912690608744407
A=8055	->	Loss=0.036585552185732576,	Liq_discount=0.036824737107837624
A=8975	->	Loss=0.0373816118988165,	Liq_discount=0.03759610354153875
A=10000	->	Loss=0.037280570579310744,	Liq_discount=0.03747309882160588

130 ~optimal

3. fee for avg loss over 2 days

fee=0.0001	->	Loss=0.00013103573673533205,	Liq_discount=0.015417778190483178
fee=0.00013216207294336048	->	Loss=0.0001359812560308375,	Liq_discount=0.015422648098991187
fee=0.00017466813524686118	->	Loss=0.00012468316215825302,	Liq_discount=0.015411522738804195
fee=0.00023084502831376423	->	Loss=0.00012847990015776408,	Liq_discount=0.015415261429441385
fee=0.00030508957470615824	->	Loss=0.00012320251641795253,	Liq_discount=0.01541006473028017
fee=0.0004032127062657407	->	Loss=0.00011966119512497966,	Liq_discount=0.015406577551348333
fee=0.000532894270971826	->	Loss=0.00011453597859350664,	Liq_discount=0.015401530692949694
fee=0.0007042841151127738	->	Loss=0.00010891373677726446,	Liq_discount=0.01539599440815953
fee=0.000930796485943845	->	Loss=0.00010423161803045856,	Liq_discount=0.01539138387313621
fee=0.0012301599307073393	->	Loss=9.911581982876068e-05,	Liq_discount=0.015386346289072983
fee=0.0016258048649414264	->	Loss=0.00010264072127558558,	Liq_discount=0.015389817299197528
fee=0.002148697411520589	->	Loss=9.959418897674985e-05,	Liq_discount=0.015386817344556603
fee=0.0028397630403459396	->	Loss=9.874707723277245e-05,	Liq_discount=0.015385983184088792
fee=0.0037530897008005923	->	Loss=0.00010643580409806752,	Liq_discount=0.015393554359963257
fee=0.004960161148001828	->	Loss=9.219657447798909e-05,	Liq_discount=0.015379532830305687
fee=0.006555451794530403	->	Loss=0.00010273943290486764,	Liq_discount=0.015389914501649726
fee=0.008663820982454096	->	Loss=0.00010502428947058558,	Liq_discount=0.015392164425624189
fee=0.011450285406513152	->	Loss=0.00010652161304312911,	Liq_discount=0.015393638856997183
fee=0.015132934551178857	->	Loss=0.00010834571174252807,	Liq_discount=0.015395435067515284
fee=0.020000000000000004	->	Loss=0.0001160799385462843,	Liq_discount=0.01540305104769113

0.2% ~optimal

4. Optimal A calculated with 0.2% fee

A=49	->	Loss=0.005559042743483833,	Liq_discount=0.04548070405195792
A=55	->	Loss=0.0061538393143613646,	Liq_discount=0.04176354291890405
A=62	->	Loss=0.008321834849437859,	Liq_discount=0.03989483123546078
A=69	->	Loss=0.012540283458311052,	Liq_discount=0.04082714585748759
A=77	->	Loss=0.008750596035336533,	Liq_discount=0.034227011053338585
A=85	->	Loss=0.010342956509779311,	Liq_discount=0.033407423512800904
A=95	->	Loss=0.01150427403338009,	Liq_discount=0.0321374462938242
A=106	->	Loss=0.012007271848819024,	Liq_discount=0.030506274234447628
A=118	->	Loss=0.01361650385236236,	Liq_discount=0.030220127274107722
A=132	->	Loss=0.014481579773582132,	Liq_discount=0.029322033096248368
A=147	->	Loss=0.023240661465788282,	Liq_discount=0.03645664378890978
A=164	->	Loss=0.019606271727688286,	Liq_discount=0.031503198308891256
A=183	->	Loss=0.027157251923056125,	Liq_discount=0.03774230663631295
A=203	->	Loss=0.024758855214230546,	Liq_discount=0.03432875837175098
A=227	->	Loss=0.022989512469449025,	Liq_discount=0.03156677591850854
A=253	->	Loss=0.02499747770584574,	Liq_discount=0.03268029269986472
A=282	->	Loss=0.029234796909305683,	Liq_discount=0.036099846855726314
A=314	->	Loss=0.02589868663047006,	Liq_discount=0.03208711870192804
A=350	->	Loss=0.026833776757651473,	Liq_discount=0.0323818314394414
A=390	->	Loss=0.03398971126713203,	Liq_discount=0.038933299736813365
A=434	->	Loss=0.029138688115642342,	Liq_discount=0.03360433490646231
A=484	->	Loss=0.03445940458633705,	Liq_discount=0.038442549263492
A=539	->	Loss=0.036739712646528346,	Liq_discount=0.040308578265784156
A=601	->	Loss=0.032213261640374094,	Liq_discount=0.0354294986174194
A=669	->	Loss=0.040751343169153555,	Liq_discount=0.04361557132981575
A=746	->	Loss=0.03514362435543742,	Liq_discount=0.03772755478891043
A=831	->	Loss=0.043663812715047046,	Liq_discount=0.04596321481877663
A=926	->	Loss=0.040644522879394865,	Liq_discount=0.04271474763020877
A=1032	->	Loss=0.0373462434262812,	Liq_discount=0.03921038322422654
A=1150	->	Loss=0.03698080847234738,	Liq_discount=0.03865444155943076
A=1281	->	Loss=0.04177616236373873,	Liq_discount=0.04327126969765682
A=1427	->	Loss=0.040538123647413195,	Liq_discount=0.04188208402403315
A=1591	->	Loss=0.037894746972917594,	Liq_discount=0.03910356411807969
A=1772	->	Loss=0.036895979840956564,	Liq_discount=0.03798250637838152
A=1975	->	Loss=0.038120636107664384,	Liq_discount=0.03909429051888991
A=2200	->	Loss=0.03972911555625881,	Liq_discount=0.04060176673893634
A=2452	->	Loss=0.03943841056798404,	Liq_discount=0.040221643313171906
A=2732	->	Loss=0.039465604013607304,	Liq_discount=0.040168567975647496
A=3043	->	Loss=0.04120052560787092,	Liq_discount=0.041830524622857634
A=3391	->	Loss=0.03786561685995753,	Liq_discount=0.0384329444195185
A=3778	->	Loss=0.03525791602343331,	Liq_discount=0.03576852196669322
A=4210	->	Loss=0.03801751571481764,	Liq_discount=0.03847442633024811
A=4691	->	Loss=0.03801322822687473,	Liq_discount=0.03842329864489624
A=5226	->	Loss=0.03770729964868197,	Liq_discount=0.03807551361775141
A=5823	->	Loss=0.04079236663789132,	Liq_discount=0.041121775465365995
A=6488	->	Loss=0.040892597762024065,	Liq_discount=0.04118821653489424
A=7229	->	Loss=0.03914938284487919,	Liq_discount=0.03941518520441856
A=8055	->	Loss=0.03849951308921081,	Liq_discount=0.03873822283618167
A=8975	->	Loss=0.03596585757582543,	Liq_discount=0.03618066467841663
A=10000	->	Loss=0.03464800355347188,	Liq_discount=0.03484105826639461
