2. A

A=10	->	Loss=0.01084200034747995,	Liq_discount=0.19321260029142528
A=11	->	Loss=0.012774766490966809,	Liq_discount=0.1794719607351225
A=12	->	Loss=0.013316174344145478,	Liq_discount=0.16698329806925816
A=13	->	Loss=0.015151594309520929,	Liq_discount=0.15747532086223937
A=14	->	Loss=0.015545949195003385,	Liq_discount=0.14824314221580293
A=16	->	Loss=0.019977273238401295,	Liq_discount=0.1364079886853372
A=17	->	Loss=0.019936239510468,	Liq_discount=0.1298511550145961
A=18	->	Loss=0.021844393464640895,	Liq_discount=0.12572679358312366
A=20	->	Loss=0.023581306534503837,	Liq_discount=0.11733242395945409
A=22	->	Loss=0.025673871208095098,	Liq_discount=0.11103469631159402
A=24	->	Loss=0.028764674304581517,	Liq_discount=0.10700467189507401
A=26	->	Loss=0.030169732756155306,	Liq_discount=0.10247510921839553
A=28	->	Loss=0.03175749148285278,	Liq_discount=0.09893827135805844
A=30	->	Loss=0.03445607786834403,	Liq_discount=0.0971046148530349
A=33	->	Loss=0.04084776572484767,	Liq_discount=0.09756359922266755
A=35	->	Loss=0.04048176854634431,	Liq_discount=0.09405250364517681
A=38	->	Loss=0.04501935517015346,	Liq_discount=0.09421766279608945
A=42	->	Loss=0.05048022240005308,	Liq_discount=0.09482874394331253
A=45	->	Loss=0.052068907272295385,	Liq_discount=0.09344498155878123
A=49	->	Loss=0.05632945078336485,	Liq_discount=0.0942129427872953
A=53	->	Loss=0.05962972563240157,	Liq_discount=0.09457533558320841
A=57	->	Loss=0.06343405881235364,	Liq_discount=0.09583075048371192
A=62	->	Loss=0.0676643628815376,	Liq_discount=0.09734801503377843
A=67	->	Loss=0.07034529253120464,	Liq_discount=0.09776157738927327
A=73	->	Loss=0.07351718719041456,	Liq_discount=0.09861924739074313
A=79	->	Loss=0.0759206568845547,	Liq_discount=0.09907563364095429
A=86	->	Loss=0.08121962627459346,	Liq_discount=0.10238564527984217
A=93	->	Loss=0.08335289038531267,	Liq_discount=0.10289422063183029
A=101	->	Loss=0.08543773464349663,	Liq_discount=0.10340274478346656
A=109	->	Loss=0.0901104083728955,	Liq_discount=0.10668162068305465
A=118	->	Loss=0.09470573521027938,	Liq_discount=0.10994439757348717
A=128	->	Loss=0.09342839566771297,	Liq_discount=0.1075039312783812
A=139	->	Loss=0.09766787823058226,	Liq_discount=0.1105753931029364
A=150	->	Loss=0.09649041131497267,	Liq_discount=0.10847211957946867
A=163	->	Loss=0.10088576068112866,	Liq_discount=0.11186297574576487
A=177	->	Loss=0.10318444920929798,	Liq_discount=0.11327154247323812
A=191	->	Loss=0.10625048379878409,	Liq_discount=0.11556938666488614
A=207	->	Loss=0.10679264325976622,	Liq_discount=0.11538885506115915
A=225	->	Loss=0.1057875653195353,	Liq_discount=0.11370746622535877
A=243	->	Loss=0.11104827505044415,	Liq_discount=0.11834032533660677
A=263	->	Loss=0.11087594165918907,	Liq_discount=0.11761648352515353
A=285	->	Loss=0.11251666371268705,	Liq_discount=0.11872688577363089
A=309	->	Loss=0.11033113147377176,	Liq_discount=0.11607438351156274
A=335	->	Loss=0.11151258818276606,	Liq_discount=0.1168041402528589
A=363	->	Loss=0.11079438104885529,	Liq_discount=0.11568263132669088
A=393	->	Loss=0.11096744554263609,	Liq_discount=0.11548243964064608
A=426	->	Loss=0.11653237676294208,	Liq_discount=0.12067220834403969
A=461	->	Loss=0.1168215400030515,	Liq_discount=0.1206463694187806
A=499	->	Loss=0.1107399442852948,	Liq_discount=0.11429831393690304

(fee = 0.2%)
A = 45
liq_discount = 0.055
loan_discount = 0.085
