1. fee

fee=0.0004999999999999999	->	Loss=0.19577951785386635,	Liq_discount=0.25805823941044637
fee=0.0006371374928515666	->	Loss=0.19106553605823343,	Liq_discount=0.25370930770516864
fee=0.0008118883695943604	->	Loss=0.19622681767251382,	Liq_discount=0.2584709003937541
fee=0.0010345690405573948	->	Loss=0.19966595247967361,	Liq_discount=0.26164370908288337
fee=0.001318325449365179	->	Loss=0.19926966504382743,	Liq_discount=0.2612781100905939
fee=0.0016799091431418903	->	Loss=0.20851780316254684,	Liq_discount=0.26981007368802334
fee=0.0021406661993596974	->	Loss=0.2049794550545054,	Liq_discount=0.26654573476214416
fee=0.0027277973905842595	->	Loss=0.20508321883176184,	Liq_discount=0.2666414630870154
fee=0.0034759639808878023	->	Loss=0.20623800010834795,	Liq_discount=0.26770681826319764
fee=0.004429333952050411	->	Loss=0.20419243622287545,	Liq_discount=0.26581966255866274
fee=0.005644189458423441	->	Loss=0.19732511723767804,	Liq_discount=0.25948414779434015
fee=0.007192249441438314	->	Loss=0.21176296721042248,	Liq_discount=0.27280393268631387
fee=0.009164903554162177	->	Loss=0.21308974348784562,	Liq_discount=0.2740279635945455
fee=0.011678607345450604	->	Loss=0.20055143056435606,	Liq_discount=0.2624606158686439
fee=0.014881757208156586	->	Loss=0.2062833952754049,	Liq_discount=0.26774869803487245
fee=0.018963450953661247	->	Loss=0.1995172265574482,	Liq_discount=0.26150650047525537
fee=0.02416465119285876	->	Loss=0.21888806415934314,	Liq_discount=0.2793772631249347
fee=0.0307924105533013	->	Loss=0.21581315308954743,	Liq_discount=0.2765404727379348
fee=0.03923799851757305	->	Loss=0.22910124459825582,	Liq_discount=0.2887995363003757
fee=0.049999999999999996	->	Loss=0.22850060883472265,	Liq_discount=0.288245413686289

2. A

A=5	->	Loss=0.03659591347469939,	Liq_discount=0.36406922954940557
A=5	->	Loss=0.03609458602995865,	Liq_discount=0.3637383096865556
A=5	->	Loss=0.03713174334744024,	Liq_discount=0.36442292402565746
A=6	->	Loss=0.04229722933797721,	Liq_discount=0.32103263754181355
A=6	->	Loss=0.042345601482383276,	Liq_discount=0.3210669311747756
A=7	->	Loss=0.05164848612348569,	Liq_discount=0.2928621013248922
A=8	->	Loss=0.054810465888287314,	Liq_discount=0.26825008462563305
A=8	->	Loss=0.05288776027254356,	Liq_discount=0.2667615581229221
A=9	->	Loss=0.05815712177087506,	Liq_discount=0.2493601769502093
A=10	->	Loss=0.07072603491004895,	Liq_discount=0.2420558432776474
A=11	->	Loss=0.0750109087478944,	Liq_discount=0.23119926474251096
A=12	->	Loss=0.07755729073614226,	Liq_discount=0.2212194388812746
A=13	->	Loss=0.09120681574392617,	Liq_discount=0.2225395486820002
A=14	->	Loss=0.09670418060081308,	Liq_discount=0.21846183866893798
A=16	->	Loss=0.10542937333623843,	Liq_discount=0.21170802916338294
A=17	->	Loss=0.11357498279869814,	Liq_discount=0.2129882401746881
A=19	->	Loss=0.11624313591693106,	Liq_discount=0.20537220246011534
A=20	->	Loss=0.1280298037271525,	Liq_discount=0.21175226910897837
A=22	->	Loss=0.13901787553422384,	Liq_discount=0.2144486192779943
A=24	->	Loss=0.14593968133906396,	Liq_discount=0.21474038854802135
A=26	->	Loss=0.15721940743166304,	Liq_discount=0.22005263720278745
A=28	->	Loss=0.16713982552087586,	Liq_discount=0.22492720374102604
A=31	->	Loss=0.17924986936843573,	Liq_discount=0.230830816106123
A=34	->	Loss=0.18541545446023175,	Liq_discount=0.23220004326358734
A=37	->	Loss=0.1948856289890351,	Liq_discount=0.2374595664223369
A=40	->	Loss=0.20652646858824178,	Liq_discount=0.24540200541860357
A=43	->	Loss=0.2004722816537792,	Liq_discount=0.23696322196265507
A=47	->	Loss=0.21155792414624963,	Liq_discount=0.24453338899022448
A=51	->	Loss=0.22139542307907967,	Liq_discount=0.25144615732011577
A=56	->	Loss=0.23975589809837536,	Liq_discount=0.26651623430922566
A=61	->	Loss=0.2269286110367765,	Liq_discount=0.25193973113841683
A=66	->	Loss=0.23097291730088826,	Liq_discount=0.25399155336739065
A=72	->	Loss=0.2421239938149294,	Liq_discount=0.2629398053832951
A=78	->	Loss=0.2492584324733971,	Liq_discount=0.2683086853162948
A=85	->	Loss=0.24119320097594119,	Liq_discount=0.2588775841598737
A=93	->	Loss=0.2506427167164934,	Liq_discount=0.2666177173374321
A=101	->	Loss=0.2461774672002317,	Liq_discount=0.26098502045108296
A=110	->	Loss=0.25488698070937493,	Liq_discount=0.2683347729256288
A=119	->	Loss=0.27570676848657216,	Liq_discount=0.28779691846630395
A=130	->	Loss=0.2588997686970354,	Liq_discount=0.2702302617648834
A=141	->	Loss=0.25508226763723696,	Liq_discount=0.26558775574660987
A=153	->	Loss=0.23777698108984946,	Liq_discount=0.24768790181504996
A=167	->	Loss=0.25596532234599395,	Liq_discount=0.2648326646346094
A=181	->	Loss=0.24852067600403976,	Liq_discount=0.2567871194892135
A=197	->	Loss=0.26050016786409336,	Liq_discount=0.26797687666156755
A=214	->	Loss=0.26925495235085767,	Liq_discount=0.2760584625483439
A=233	->	Loss=0.2552019536225323,	Liq_discount=0.2615728130947109
A=253	->	Loss=0.25472225997525805,	Liq_discount=0.2605948919580944
A=275	->	Loss=0.26639403156386154,	Liq_discount=0.27171360630365604
A=300	->	Loss=0.26258141637592436,	Liq_discount=0.26748424282944305

Optimal: 21% at A=19

3. Avg loss (per day!)

range_size=4	->	Loss=0.01644076496758896,	Liq_discount=0.11563514757566251
range_size=9	->	Loss=0.008862897807830297,	Liq_discount=0.2153206215653103
range_size=14	->	Loss=0.0063845323778380335,	Liq_discount=0.30318615532093485
range_size=19	->	Loss=0.0053365740048197125,	Liq_discount=0.3784387563139765
range_size=24	->	Loss=0.0046456602868647735,	Liq_discount=0.4425517053041753
range_size=29	->	Loss=0.004392394135937305,	Liq_discount=0.49746141229977714
range_size=34	->	Loss=0.004115751837809176,	Liq_discount=0.5444956351734054
range_size=39	->	Loss=0.0039084934998539975,	Liq_discount=0.5850112579188502
range_size=44	->	Loss=0.00366846460687396,	Liq_discount=0.6200377160204348
range_size=50	->	Loss=0.0036986181895070545,	Liq_discount=0.6561850714064494

4. T


