1. fee

fee=0.0004999999999999999	->	Loss=0.11466568177070517,	Liq_discount=0.1495080061181131
fee=0.0006371374928515666	->	Loss=0.10936266602981638,	Liq_discount=0.14441369051530661
fee=0.0008118883695943604	->	Loss=0.11298912037787805,	Liq_discount=0.14789742578423104
fee=0.0010345690405573948	->	Loss=0.11184758906358398,	Liq_discount=0.14680081942482281
fee=0.001318325449365179	->	Loss=0.10834348666302801,	Liq_discount=0.1434346209435805
fee=0.0016799091431418903	->	Loss=0.11370244456487905,	Liq_discount=0.14858267710409423
fee=0.0021406661993596974	->	Loss=0.10721350781945863,	Liq_discount=0.1423491124075128
fee=0.0027277973905842595	->	Loss=0.10700275246674926,	Liq_discount=0.14214665132986526
fee=0.0034759639808878023	->	Loss=0.11111054808086969,	Liq_discount=0.14609278468353437
fee=0.004429333952050411	->	Loss=0.10630159113501557,	Liq_discount=0.14147308419620686
fee=0.005644189458423441	->	Loss=0.10579543754476849,	Liq_discount=0.14098685027607527
fee=0.007192249441438314	->	Loss=0.10716396460083454,	Liq_discount=0.1423015189618242
fee=0.009164903554162177	->	Loss=0.106578622340637,	Liq_discount=0.14173921284115498
fee=0.011678607345450604	->	Loss=0.11061337906147178,	Liq_discount=0.14561518174654475
fee=0.014881757208156586	->	Loss=0.10713857464709577,	Liq_discount=0.14227712822949257
fee=0.018963450953661247	->	Loss=0.10805908231791488,	Liq_discount=0.14316140932898092
fee=0.02416465119285876	->	Loss=0.1150557745101711,	Liq_discount=0.1498827467612306
fee=0.0307924105533013	->	Loss=0.11767252934474909,	Liq_discount=0.1523965192321899
fee=0.03923799851757305	->	Loss=0.12258419738933687,	Liq_discount=0.15711488862385914
fee=0.049999999999999996	->	Loss=0.12186874381613023,	Liq_discount=0.15642759171976583

2. A

A=10	->	Loss=0.058893972099330866,	Liq_discount=0.2324052523795288
A=11	->	Loss=0.06364093194546201,	Liq_discount=0.22174915705125375
A=14	->	Loss=0.07599274885800161,	Liq_discount=0.2005421561738091
A=17	->	Loss=0.09188972517857977,	Liq_discount=0.19373500111814768
A=20	->	Loss=0.09747102204158922,	Liq_discount=0.18412759750276897
A=24	->	Loss=0.10619482471526036,	Liq_discount=0.178197266255961
A=29	->	Loss=0.10055623016582765,	Liq_discount=0.16087188843497857
A=35	->	Loss=0.09570507888749821,	Liq_discount=0.14619264867212434
A=41	->	Loss=0.09909774900995157,	Liq_discount=0.1421814625028155
A=50	->	Loss=0.10572025595744314,	Liq_discount=0.14091462745946126
A=59	->	Loss=0.11932680937297008,	Liq_discount=0.148771698166123
A=71	->	Loss=0.1289662928774037,	Liq_discount=0.15322318927459255
A=85	->	Loss=0.13047633031833133,	Liq_discount=0.15074102718442028
A=102	->	Loss=0.15032226842900187,	Liq_discount=0.16685040499369952
A=122	->	Loss=0.14865597533222996,	Liq_discount=0.16251977983668997
A=146	->	Loss=0.15621090909764881,	Liq_discount=0.16770550785993155
A=175	->	Loss=0.16870406771997473,	Liq_discount=0.17816057997589763
A=209	->	Loss=0.16502268560052005,	Liq_discount=0.172981893841619
A=250	->	Loss=0.16263332575124256,	Liq_discount=0.16931052109464595
A=300	->	Loss=0.17768899198751067,	Liq_discount=0.18315623712159657

3. avg_loss

range_size=4	->	Loss=0.010767154454336235,	Liq_discount=0.04969840443518758
range_size=9	->	Loss=0.0057750283546536526,	Liq_discount=0.09093968379355988
range_size=14	->	Loss=0.004070094345222908,	Liq_discount=0.1325378128446142
range_size=19	->	Loss=0.003144474591225041,	Liq_discount=0.1721807355255487
range_size=24	->	Loss=0.0026317598450312334,	Liq_discount=0.20967281196882115
range_size=29	->	Loss=0.002328103647154971,	Liq_discount=0.24499094380383934
range_size=34	->	Loss=0.0020464675879770747,	Liq_discount=0.27814365116790474
range_size=39	->	Loss=0.0018636474721435829,	Liq_discount=0.30933558839222586
range_size=44	->	Loss=0.0017174115245316003,	Liq_discount=0.33865889209420796
range_size=50	->	Loss=0.0016230913502243694,	Liq_discount=0.3715817352102787


4. avg_loss

range_size=4	->	Loss=0.005970578417410404,	Liq_discount=0.04509059760622591
range_size=9	->	Loss=0.002920634336254406,	Liq_discount=0.08832979528447371
range_size=14	->	Loss=0.0019340126601505208,	Liq_discount=0.13067727016991937
range_size=19	->	Loss=0.0014960646209153184,	Liq_discount=0.1708118455566492
range_size=24	->	Loss=0.0012482849049450457,	Liq_discount=0.20857652895609946
range_size=29	->	Loss=0.0010801249230500932,	Liq_discount=0.24404650982500942
range_size=34	->	Loss=0.0009470894172300082,	Liq_discount=0.2773484306625942
range_size=39	->	Loss=0.0008929141665198506,	Liq_discount=0.3086638856277101
range_size=44	->	Loss=0.0008184464283590204,	Liq_discount=0.3380633467250562
range_size=50	->	Loss=0.0007523401987863974,	Liq_discount=0.37103364968976094

5. Texp

Texp=300	->	Loss=0.09498105154669875,	Liq_discount=0.13059806434433574
Texp=388	->	Loss=0.09664199246195025,	Liq_discount=0.1321936389444004
Texp=502	->	Loss=0.1123098590910476,	Liq_discount=0.14724489681940045
Texp=649	->	Loss=0.10968697793711499,	Liq_discount=0.1447252391303312
Texp=840	->	Loss=0.12495460532783487,	Liq_discount=0.15939200917867813
Texp=1087	->	Loss=0.15185184247234348,	Liq_discount=0.18523070579071033
Texp=1406	->	Loss=0.16907281151561296,	Liq_discount=0.20177394374796198
Texp=1819	->	Loss=0.18591226287251433,	Liq_discount=0.21795067864405449
Texp=2354	->	Loss=0.19598783442405432,	Liq_discount=0.22762972616534294
Texp=3045	->	Loss=0.20050933588703676,	Liq_discount=0.23197328397781203
Texp=3940	->	Loss=0.22912808115268166,	Liq_discount=0.2594657387739361
Texp=5097	->	Loss=0.24059875203303158,	Liq_discount=0.27048498150215594
Texp=6594	->	Loss=0.25409336576650743,	Liq_discount=0.28344851483022615
Texp=8531	->	Loss=0.24067988980814692,	Liq_discount=0.27056292610084154
Texp=11037	->	Loss=0.22058806033252537,	Liq_discount=0.25126181039843354
Texp=14279	->	Loss=0.22693202276607466,	Liq_discount=0.25735610624591887
Texp=18473	->	Loss=0.25030892291825857,	Liq_discount=0.279813008697157
Texp=23899	->	Loss=0.25878494137274266,	Liq_discount=0.28795545351952834
Texp=30918	->	Loss=0.2938843511140456,	Liq_discount=0.3216735262975755
Texp=40000	->	Loss=0.31212014731321813,	Liq_discount=0.33919165289688924
