We simulate for MIM, but actually we are to use results for other stables.

MIM is a nice example of a non-failed stablecoin which historically exhibited a lot of volatility - perfect example to
simulate

0. T

Texp=499	->	Loss=0.32180463299593,	Liq_discount=0.33525875709009145
Texp=680	->	Loss=0.27131382620803635,	Liq_discount=0.28576959321099493
Texp=925	->	Loss=0.23712410081772123,	Liq_discount=0.25225812784799106
Texp=1258	->	Loss=0.2049104054832461,	Liq_discount=0.2206834918106565
Texp=1711	->	Loss=0.17258714770628347,	Liq_discount=0.18900146684420382
Texp=2328	->	Loss=0.15453757462172973,	Liq_discount=0.17130996343682725
Texp=3166	->	Loss=0.12417877282073139,	Liq_discount=0.14155342332420495
Texp=4307	->	Loss=0.10633649542078731,	Liq_discount=0.12406510324384812
Texp=5859	->	Loss=0.10162802261479031,	Liq_discount=0.11945003770736073
Texp=7969	->	Loss=0.10042135515767807,	Liq_discount=0.11826730826943621
Texp=10840	->	Loss=0.10625512930117749,	Liq_discount=0.12398535127544552
Texp=14745	->	Loss=0.0955946715046669,	Liq_discount=0.11353637696742946
Texp=20057	->	Loss=0.08799531642852616,	Liq_discount=0.10608777884305265
Texp=27282	->	Loss=0.08150751999047821,	Liq_discount=0.09972868811816926
Texp=37110	->	Loss=0.07389998060881207,	Liq_discount=0.09227206804953869
Texp=50478	->	Loss=0.06447042083678813,	Liq_discount=0.08302957305781034
Texp=68661	->	Loss=0.05626225994083063,	Liq_discount=0.0749842466792382
Texp=93395	->	Loss=0.047818580061318415,	Liq_discount=0.06670807357201813
Texp=127038	->	Loss=0.03968284104126849,	Liq_discount=0.0587337323551661
Texp=172799	->	Loss=0.027128225892268532,	Liq_discount=0.04642817722395298
