1. Fee

fee=0.001	->	Loss=0.0008866976398580509,	Liq_discount=0.01891868438923172
fee=0.001083110727436041	->	Loss=0.0008885279376563646,	Liq_discount=0.018920481653833976
fee=0.00117312884788703	->	Loss=0.0008852087902688208,	Liq_discount=0.018917222410384738
fee=0.0012706284398111257	->	Loss=0.0008991401463221176,	Liq_discount=0.018930902333465283
fee=0.00137623129374475	->	Loss=0.0008781491948587971,	Liq_discount=0.018910290226481163
fee=0.0014906108776881215	->	Loss=0.0008769218039987672,	Liq_discount=0.018909084987558944
fee=0.001614496632056857	->	Loss=0.0008479605681196614,	Liq_discount=0.018880646443771187
fee=0.0017486786215901405	->	Loss=0.0008052593022044889,	Liq_discount=0.01883871584987029
fee=0.0018940125738823505	->	Loss=0.0007837229623690726,	Liq_discount=0.01881756819767777
fee=0.0020514253366707208	->	Loss=0.0007318139628678885,	Liq_discount=0.018766596051273288
fee=0.00222192078868215	->	Loss=0.0007036331772270953,	Liq_discount=0.018738923872165913
fee=0.002406586241734785	->	Loss=0.0006812593254824856,	Liq_discount=0.018716953823470717
fee=0.002606599374922931	->	Loss=0.0006589404350315182,	Liq_discount=0.018695037744128284
fee=0.0028232357451071057	->	Loss=0.0006624665660645484,	Liq_discount=0.01869850023558417
fee=0.003057876921606394	->	Loss=0.0006539109091409229,	Liq_discount=0.018690098991069992
fee=0.0033120192969709828	->	Loss=0.000633266076051963,	Liq_discount=0.018669826755719265
fee=0.003587283630024446	->	Loss=0.0006288578185087588,	Liq_discount=0.018665498058363483
fee=0.0038854253820351796	->	Loss=0.0006229884213180001,	Liq_discount=0.01865973459199377
fee=0.00420834591193458	->	Loss=0.0006085154931017231,	Liq_discount=0.018645522871039044
fee=0.004558104601977953	->	Loss=0.0006025402932126299,	Liq_discount=0.018639655511497044
fee=0.0049369319911779065	->	Loss=0.0005960835896804503,	Liq_discount=0.01863331533848467
fee=0.005347244000266965	->	Loss=0.0005920905025394195,	Liq_discount=0.018629394318539827
fee=0.005791657338907158	->	Loss=0.0005942192802739175,	Liq_discount=0.018631484676115417
fee=0.006273006193404024	->	Loss=0.0005693525328796711,	Liq_discount=0.018607066723526078
fee=0.0067943603013486155	->	Loss=0.0005643619242932575,	Liq_discount=0.018602166185392677
fee=0.007359044528456265	->	Loss=0.0005689112870580969,	Liq_discount=0.018606633441304532
fee=0.007970660072450482	->	Loss=0.0005791982278247594,	Liq_discount=0.018616734723468475
fee=0.00863310742921725	->	Loss=0.0005754619984599683,	Liq_discount=0.018613065925533467
fee=0.009350611267692984	->	Loss=0.0005723305840763752,	Liq_discount=0.018609991026884876
fee=0.01012774737212259	->	Loss=0.0005755904960419662,	Liq_discount=0.01861319210399237
fee=0.010969471823508157	->	Loss=0.0005676457500577985,	Liq_discount=0.018605390744703132
fee=0.011881152606349074	->	Loss=0.0005758930857981669,	Liq_discount=0.018613489232611746
fee=0.012868603842241361	->	Loss=0.000583633915968866,	Liq_discount=0.01862109035635795
fee=0.013938122868656273	->	Loss=0.0005711280764101057,	Liq_discount=0.018608810222064842
fee=0.015096530399363213	->	Loss=0.0005981380713603,	Liq_discount=0.018635332740900123
fee=0.016351214022614604	->	Loss=0.0006060780426618486,	Liq_discount=0.018643129411680115
fee=0.0177101753144965	->	Loss=0.0005920748734934098,	Liq_discount=0.0186293789715668
fee=0.019182080867904117	->	Loss=0.000574654871813089,	Liq_discount=0.0186122733659001
fee=0.020776317562572595	->	Loss=0.0005973700652256178,	Liq_discount=0.018634578595732365
fee=0.02250305242864021	->	Loss=0.0005861742021033635,	Liq_discount=0.018623584795434134
fee=0.024373297485515866	->	Loss=0.0005852778897175341,	Liq_discount=0.018622704659685185
fee=0.026398979969552115	->	Loss=0.0005793708988200013,	Liq_discount=0.018616904278099367
fee=0.028593018398391068	->	Loss=0.0005829960527890284,	Liq_discount=0.018620464005326354
fee=0.030969404957073454	->	Loss=0.0005765545335570066,	Liq_discount=0.01861413874256812
fee=0.03354329473131718	->	Loss=0.0005714881179592221,	Liq_discount=0.018609163765587744
fee=0.03633110235703847	->	Loss=0.0005825063453715971,	Liq_discount=0.018619983136143436
fee=0.0393506067024852	->	Loss=0.0005818602904827478,	Liq_discount=0.01861934874124671
fee=0.042621064250578294	->	Loss=0.0005789719907961407,	Liq_discount=0.018616512569563537
fee=0.0461633319045421	->	Loss=0.0005856059826611748,	Liq_discount=0.018623026831210754
fee=0.049999999999999996	->	Loss=0.0005618857025547,	Liq_discount=0.01859973465447895

Optimal: 0.7%

2. A

A=10	->	Loss=0.005612228838034805,	Liq_discount=0.18894703932072343
A=11	->	Loss=0.0061091970686301495,	Liq_discount=0.1739319011589976
A=13	->	Loss=0.0071082660156679784,	Liq_discount=0.15059436075627564
A=14	->	Loss=0.0076020368991406295,	Liq_discount=0.1413700110929187
A=17	->	Loss=0.009087468421885866,	Liq_discount=0.12021908206913223
A=19	->	Loss=0.010069421335578718,	Liq_discount=0.10990636971442691
A=22	->	Loss=0.011561428793260794,	Liq_discount=0.09815864661287166
A=25	->	Loss=0.012822764719297627,	Liq_discount=0.08926963162695978
A=29	->	Loss=0.014638642674938085,	Liq_discount=0.08071583492788204
A=33	->	Loss=0.015706806581988347,	Liq_discount=0.07390925544884752
A=38	->	Loss=0.017563142764540258,	Liq_discount=0.06817592846549014
A=44	->	Loss=0.020332711976936795,	Liq_discount=0.0640479237842585
A=50	->	Loss=0.02235483702833696,	Liq_discount=0.06083005386287854
A=57	->	Loss=0.025055540504743495,	Liq_discount=0.058779781011412346
A=66	->	Loss=0.02698531347402533,	Liq_discount=0.056109737646309665
A=75	->	Loss=0.03162992386308683,	Liq_discount=0.05717480748670123
A=86	->	Loss=0.0344059924208456,	Liq_discount=0.05665046095787474
A=99	->	Loss=0.03363672782818716,	Liq_discount=0.05299961763115624 ***
A=113	->	Loss=0.04647941535107525,	Liq_discount=0.06323495227596276
A=129	->	Loss=0.04632423573484553,	Liq_discount=0.06101705716694272
A=148	->	Loss=0.05167110735456859,	Liq_discount=0.06441619136534782
A=169	->	Loss=0.05043486241363767,	Liq_discount=0.06161841631731124
A=194	->	Loss=0.05200760263083004,	Liq_discount=0.06173987001459136
A=222	->	Loss=0.051348525389256605,	Liq_discount=0.05986371015066572
A=254	->	Loss=0.051119280636492105,	Liq_discount=0.05856691856053664
A=291	->	Loss=0.04812879159372174,	Liq_discount=0.0546526198002969
A=333	->	Loss=0.04944933283105213,	Liq_discount=0.055144432282739464
A=381	->	Loss=0.05181360245412988,	Liq_discount=0.05678035514321711
A=436	->	Loss=0.057185658049699994,	Liq_discount=0.06150244211730349
A=499	->	Loss=0.06323903128015392,	Liq_discount=0.0669874755968447

Optimal:
A = 100
liquidation_discount = 4%
loan_discount = 5%
LTV ~= 93%
