1. Fee

fee=0.0004999999999999999	->	Loss=0.002216286098972313,	Liq_discount=0.06695667591474219
fee=0.0006371374928515666	->	Loss=0.0024494774908423466,	Liq_discount=0.06717473687162812
fee=0.0008118883695943603	->	Loss=0.0023713955962079395,	Liq_discount=0.06710172125761726
fee=0.0010345690405573948	->	Loss=0.0025329833030735354,	Liq_discount=0.06725282447672642
fee=0.001318325449365179	->	Loss=0.0023853818309437294,	Liq_discount=0.06711480000681658
fee=0.00167990914314189	->	Loss=0.002346763882009966,	Liq_discount=0.06707868775228631
fee=0.0021406661993596974	->	Loss=0.002339989194051559,	Liq_discount=0.06707235263448053
fee=0.0027277973905842595	->	Loss=0.0022604791854405667,	Liq_discount=0.0669980015685141
fee=0.0034759639808878023	->	Loss=0.0022763114917296397,	Liq_discount=0.06701280660840614
fee=0.004429333952050411	->	Loss=0.0024789752886079644,	Liq_discount=0.06720232072862742
fee=0.0056441894584234415	->	Loss=0.002234238195443932,	Liq_discount=0.06697346320394404
fee=0.007192249441438313	->	Loss=0.0027907950442306777,	Liq_discount=0.06749390831143542
fee=0.009164903554162177	->	Loss=0.0027080877078826714,	Liq_discount=0.06741656737375801
fee=0.011678607345450604	->	Loss=0.0027479197853437455,	Liq_discount=0.06745381497906744
fee=0.014881757208156586	->	Loss=0.002750899506317313,	Liq_discount=0.06745660136325404
fee=0.018963450953661247	->	Loss=0.002882724367407576,	Liq_discount=0.06757987287478007
fee=0.024164651192858756	->	Loss=0.0029027735731441064,	Liq_discount=0.06759862120400717
fee=0.0307924105533013	->	Loss=0.0032972423359921804,	Liq_discount=0.06796749518000811
fee=0.03923799851757305	->	Loss=0.0036294635194948806,	Liq_discount=0.0682781604605377
fee=0.04999999999999999	->	Loss=0.0037039302650602023,	Liq_discount=0.06834779549150483

Optimal: 0.3%


2. A

A=3	->	Loss=0.14035968973658408,	Liq_discount=0.5775641729606262
A=4	->	Loss=0.16849767334715704,	Liq_discount=0.5077426789735743
A=5	->	Loss=0.20492275057543208,	Liq_discount=0.4751796314069022
A=6	->	Loss=0.20886759381812747,	Liq_discount=0.4391233902255587
A=7	->	Loss=0.23801892752724282,	Liq_discount=0.43182914084665913
A=8	->	Loss=0.26743966740650377,	Liq_discount=0.43286405314920395
A=9	->	Loss=0.31477573532891634,	Liq_discount=0.4538827731550823
A=10	->	Loss=0.3084110789963279,	Liq_discount=0.4359190064278726
A=11	->	Loss=0.29792435586266874,	Liq_discount=0.4164728248972992
A=12	->	Loss=0.356278470933778,	Liq_discount=0.4565323043092121
A=13	->	Loss=0.33972883970365947,	Liq_discount=0.43514682639652347
A=14	->	Loss=0.4037110844484025,	Liq_discount=0.4840864612965262
A=15	->	Loss=0.4189695760324303,	Liq_discount=0.4923509391187081
A=16	->	Loss=0.4118406064272382,	Liq_discount=0.48171635228549836
A=17	->	Loss=0.41506645711311163,	Liq_discount=0.48066721038433646
A=19	->	Loss=0.39108747368109575,	Liq_discount=0.45249780867585143
A=20	->	Loss=0.41730771448452936,	Liq_discount=0.47325507932664257
A=22	->	Loss=0.41746208449800093,	Liq_discount=0.4684982988125853
A=23	->	Loss=0.4126088233680582,	Liq_discount=0.4619120076068177
A=25	->	Loss=0.444716267770282,	Liq_discount=0.48771736226136864
A=27	->	Loss=0.4332283764147013,	Liq_discount=0.4739660183686698
A=29	->	Loss=0.47687792276781854,	Liq_discount=0.5119578838522141
A=31	->	Loss=0.4799129328658157,	Liq_discount=0.5125983779332023
A=34	->	Loss=0.4758047318199021,	Liq_discount=0.5059111955488697
A=36	->	Loss=0.46434269444284104,	Liq_discount=0.49343695361131035
A=39	->	Loss=0.47529724083158137,	Liq_discount=0.5016500107622617
A=42	->	Loss=0.4908720424617079,	Liq_discount=0.5146515073299749
A=45	->	Loss=0.46475460949297615,	Liq_discount=0.48811743956471787
A=48	->	Loss=0.4785127495272033,	Liq_discount=0.49987652430336293
A=52	->	Loss=0.4531239794398968,	Liq_discount=0.47383144784735687
A=56	->	Loss=0.5074504830620881,	Liq_discount=0.5247880600860739
A=60	->	Loss=0.500306647368375,	Liq_discount=0.5167389801923044
A=65	->	Loss=0.4740782827075277,	Liq_discount=0.49005940710745177
A=69	->	Loss=0.495217620819071,	Liq_discount=0.5096776635552216
A=75	->	Loss=0.5061815982149563,	Liq_discount=0.519208161009132
A=80	->	Loss=0.4837934974323253,	Liq_discount=0.4965682213849111
A=86	->	Loss=0.5083704718714449,	Liq_discount=0.5196961817293053
A=93	->	Loss=0.49228575441046485,	Liq_discount=0.5031093435974718
A=100	->	Loss=0.46130904614624724,	Liq_discount=0.47199566433057216

Optimal:
A = 10
LTV ~= 100 - (43+3) = 54%
