Thalf(ezeth/eth) = 20 min
Thalf(eth/usd) = 10 min

A=10	->	Loss=0.02382309525269063,	Liq_discount=0.20380037677164808
A=11	->	Loss=0.02696311076414424,	Liq_discount=0.1912645425206435
A=12	->	Loss=0.02719831308036551,	Liq_discount=0.17870341866422612
A=13	->	Loss=0.029418773656457276,	Liq_discount=0.16968070255552725
A=14	->	Loss=0.03123473881193819,	Liq_discount=0.16181719794306682
A=16	->	Loss=0.03682351724314388,	Liq_discount=0.15125282987716027
A=17	->	Loss=0.03765982828440803,	Liq_discount=0.14558702947743407
A=18	->	Loss=0.03981061473555143,	Liq_discount=0.14178496037455057
A=20	->	Loss=0.04180692008176293,	Liq_discount=0.13380810005954435
A=22	->	Loss=0.04836511280283639,	Liq_discount=0.1317379555994751
A=24	->	Loss=0.05269217906484142,	Liq_discount=0.12900464388828925
A=26	->	Loss=0.057698555186120916,	Liq_discount=0.1279515293501553
A=28	->	Loss=0.06255777420411261,	Liq_discount=0.12760149957552458
A=30	->	Loss=0.06391486311439465,	Liq_discount=0.12465199062851806
A=33	->	Loss=0.06901348495291813,	Liq_discount=0.12406384535376624
A=35	->	Loss=0.07715789148809843,	Liq_discount=0.1286809668321096
A=38	->	Loss=0.07796868150269017,	Liq_discount=0.12546951902621983
A=42	->	Loss=0.08822705483518745,	Liq_discount=0.1308125628521034
A=45	->	Loss=0.0914114833201242,	Liq_discount=0.13107030055948377
A=49	->	Loss=0.0969346454075437,	Liq_discount=0.13318804885234725
A=53	->	Loss=0.09682057018063561,	Liq_discount=0.13038411097980152
A=57	->	Loss=0.10143400690338222,	Liq_discount=0.13251624483721558
A=62	->	Loss=0.10454586165685881,	Liq_discount=0.13305528262355415
A=67	->	Loss=0.1083938609033941,	Liq_discount=0.1346880620667822
A=73	->	Loss=0.10907453797725163,	Liq_discount=0.13321320981497398
A=79	->	Loss=0.11593766447083236,	Liq_discount=0.13808992118222252
A=86	->	Loss=0.11346843984027023,	Liq_discount=0.13389154027613315
A=93	->	Loss=0.11670876897569987,	Liq_discount=0.13553900960838394
A=101	->	Loss=0.12321112466532731,	Liq_discount=0.1404341412194382
A=109	->	Loss=0.12514998673173885,	Liq_discount=0.1410830465697892
A=118	->	Loss=0.1270607230531116,	Liq_discount=0.1417547594812184
A=128	->	Loss=0.12859015186588896,	Liq_discount=0.14211976198193987
A=139	->	Loss=0.12480074243472022,	Liq_discount=0.13732013209264926
A=150	->	Loss=0.12413316273041214,	Liq_discount=0.1357482922809291
A=163	->	Loss=0.13082209476521883,	Liq_discount=0.14143381948044542
A=177	->	Loss=0.13703149233615958,	Liq_discount=0.14673788493046003
A=191	->	Loss=0.1307034073776985,	Liq_discount=0.13976734572019145
A=207	->	Loss=0.13075590710777893,	Liq_discount=0.13912149688178288
A=225	->	Loss=0.13018000981475278,	Liq_discount=0.1378838706211989
A=243	->	Loss=0.13510779685797142,	Liq_discount=0.14220248744736153
A=263	->	Loss=0.14287852800427028,	Liq_discount=0.14937645493809493
A=285	->	Loss=0.13609523810345098,	Liq_discount=0.1421404675646919
A=309	->	Loss=0.14195793405430615,	Liq_discount=0.1474970194579759
A=335	->	Loss=0.14117973916019594,	Liq_discount=0.1462946029935388
A=363	->	Loss=0.14525434243613572,	Liq_discount=0.14995315518429808
A=393	->	Loss=0.14773448089567398,	Liq_discount=0.15206275185650753
A=426	->	Loss=0.14450093857306093,	Liq_discount=0.14850971256651868
A=461	->	Loss=0.14807017997109717,	Liq_discount=0.15175967918713862
A=499	->	Loss=0.14958060295958245,	Liq_discount=0.1529835519103655

Optimal:
A = 33 @ fee = 0.2%
liquidation_discount = 7%
loan_discount = 10%
LTV = 100% - (12.5% + 3%) = 84.5%
