Optimizing A @ 0.5% fee

A=10	->	Loss=0.05274308347855964,	Liq_discount=0.22738840023053708
A=11	->	Loss=0.05832603765468762,	Liq_discount=0.21733170534592372
A=12	->	Loss=0.06082887142186608,	Liq_discount=0.20709632028608527
A=13	->	Loss=0.0633254344810597,	Liq_discount=0.19868739878087427
A=14	->	Loss=0.0712204121158269,	Liq_discount=0.19641309545789354
A=15	->	Loss=0.07479799981082325,	Liq_discount=0.19164658656885825
A=16	->	Loss=0.07570625820417595,	Liq_discount=0.18551614189536525
A=17	->	Loss=0.08063160938938059,	Liq_discount=0.18373949179966165
A=18	->	Loss=0.08624934568376037,	Liq_discount=0.18329179010262164
A=20	->	Loss=0.09155892917751884,	Liq_discount=0.17878315590965022
A=21	->	Loss=0.10020626267608147,	Liq_discount=0.18264580950744802
A=23	->	Loss=0.10564326718614113,	Liq_discount=0.18071186972445663
A=24	->	Loss=0.11404931784079769,	Liq_discount=0.18541902341426353
A=26	->	Loss=0.1211170973230211,	Liq_discount=0.18664192294522197
A=28	->	Loss=0.1259750629955014,	Liq_discount=0.18661862737305102
A=30	->	Loss=0.12956198294582053,	Liq_discount=0.18603965014909885
A=32	->	Loss=0.13098372547913933,	Liq_discount=0.1839347183398623
A=34	->	Loss=0.13687304025309277,	Liq_discount=0.18644559858108278
A=37	->	Loss=0.13920850502054796,	Liq_discount=0.18472661346563302
A=40	->	Loss=0.1395311645452202,	Liq_discount=0.1816890772919555
A=42	->	Loss=0.1417548916343637,	Liq_discount=0.1818403143666396
A=46	->	Loss=0.14400267814129214,	Liq_discount=0.18056806861336572
A=49	->	Loss=0.15845476166021077,	Liq_discount=0.19223845061188594
A=52	->	Loss=0.152856241132022,	Liq_discount=0.18493335178201742
A=56	->	Loss=0.15822946591130685,	Liq_discount=0.1878595050635412
A=60	->	Loss=0.16624538799812874,	Liq_discount=0.19366326979653015
A=65	->	Loss=0.16772726399853488,	Liq_discount=0.193017442539133
A=69	->	Loss=0.1747288094611897,	Liq_discount=0.19836960433891215
A=74	->	Loss=0.170099033702702,	Liq_discount=0.19228379538139606
A=80	->	Loss=0.17243238250383977,	Liq_discount=0.19291245746032804
A=86	->	Loss=0.18022272855504745,	Liq_discount=0.1991080049537144
A=92	->	Loss=0.18483579307564824,	Liq_discount=0.20240090469796068
A=98	->	Loss=0.18195846313535657,	Liq_discount=0.1985153182136159
A=105	->	Loss=0.19393424944535387,	Liq_discount=0.20916950974321524
A=113	->	Loss=0.19213925275798072,	Liq_discount=0.2063352132841656
A=121	->	Loss=0.19383389114311889,	Liq_discount=0.20706975887663492
A=130	->	Loss=0.1926261490929092,	Liq_discount=0.20496988268584193
A=139	->	Loss=0.2045353407660223,	Liq_discount=0.2159141575805683
A=149	->	Loss=0.19983200911833257,	Liq_discount=0.21051410194009146
A=160	->	Loss=0.20261352132878035,	Liq_discount=0.2125303585645023
A=172	->	Loss=0.20042491911730015,	Liq_discount=0.20967848260674948
A=184	->	Loss=0.20455150247393653,	Liq_discount=0.2131595821031682
A=197	->	Loss=0.20614113386061536,	Liq_discount=0.21416743935858118
A=212	->	Loss=0.20244305114669367,	Liq_discount=0.2099383890469616
A=227	->	Loss=0.2072410156622619,	Liq_discount=0.21420071849765343
A=243	->	Loss=0.2068600043554489,	Liq_discount=0.21336611325864618
A=261	->	Loss=0.21046343883863208,	Liq_discount=0.2164947210868844
A=279	->	Loss=0.21056688907477625,	Liq_discount=0.21620945038539352
A=300	->	Loss=0.21098712386560653,	Liq_discount=0.2162329818995431

A = 20
liquidation_discount = 10%
loan_discount = 13%
LTV = 100% - 19% - 3% = 78%
