History from 2021

A=5	->	Loss=0.11169634818354232,	Liq_discount=0.4136420702437188
A=6	->	Loss=0.12185469948796075,	Liq_discount=0.37743523689342706
A=7	->	Loss=0.1371215587475891,	Liq_discount=0.3565950611866333
A=8	->	Loss=0.14900083533216643,	Liq_discount=0.3411706919559008
A=9	->	Loss=0.1657507737005775,	Liq_discount=0.3351112950110551
A=10	->	Loss=0.18044682579924695,	Liq_discount=0.33154746302551463
A=11	->	Loss=0.19443109263778707,	Liq_discount=0.33045484088650146
A=13	->	Loss=0.21344270303779558,	Liq_discount=0.3271107203733252
A=14	->	Loss=0.22653737155535164,	Liq_discount=0.3307944667617433
A=16	->	Loss=0.2546539103436188,	Liq_discount=0.34320407974737277
A=18	->	Loss=0.2748603133106932,	Liq_discount=0.3518718343520817
A=21	->	Loss=0.3214527811910953,	Liq_discount=0.38362161267091766
A=24	->	Loss=0.31968995102282405,	Liq_discount=0.3744938231478937
A=27	->	Loss=0.35485136274073825,	Liq_discount=0.40122248136785676
A=30	->	Loss=0.36339550591306835,	Liq_discount=0.4047010739750332
A=34	->	Loss=0.3589487301362719,	Liq_discount=0.3957666641698353
A=39	->	Loss=0.3786986802560941,	Liq_discount=0.40990303443709397
A=44	->	Loss=0.38259000779506863,	Liq_discount=0.4101403903700148
A=49	->	Loss=0.3986303310886183,	Liq_discount=0.4227722130860194

Optimal: A=14
liquidation_discount: 22.7%
loan_discount: 26%
LTV: 1 - (0.33 + 0.033) = 63.7% (at 4 bands)


History from 2022 (less volatility)

A=5	->	Loss=0.05602570650247076,	Liq_discount=0.3768945885266656
A=6	->	Loss=0.06384693379558835,	Liq_discount=0.33631039014476716
A=7	->	Loss=0.07065332781977388,	Liq_discount=0.30703305336653797
A=8	->	Loss=0.07475453666589163,	Liq_discount=0.2836904503692591
A=9	->	Loss=0.08379674721239613,	Liq_discount=0.2697947147583343
A=10	->	Loss=0.09249313794441713,	Liq_discount=0.25980975565813225
A=11	->	Loss=0.10144438530439244,	Liq_discount=0.2531693359619871
A=12	->	Loss=0.10620707998588777,	Liq_discount=0.24540728136057155
A=13	->	Loss=0.11208583092986246,	Liq_discount=0.24040126777358994
A=14	->	Loss=0.12050991431731843,	Liq_discount=0.23905873390344623
A=15	->	Loss=0.12880201961015003,	Liq_discount=0.23883015700521992
A=17	->	Loss=0.1380564188237859,	Liq_discount=0.2347240640461612
A=18	->	Loss=0.1483990939562982,	Liq_discount=0.23884109057914982
A=19	->	Loss=0.15603405311642676,	Liq_discount=0.24115010719993657
A=21	->	Loss=0.179141429877922,	Liq_discount=0.2543488976857876
A=23	->	Loss=0.18803022770610828,	Liq_discount=0.2561836097661758
A=25	->	Loss=0.20140680522582183,	Liq_discount=0.26324975043606746
A=27	->	Loss=0.2115049100226031,	Liq_discount=0.2681792905336928
A=29	->	Loss=0.21543897766141612,	Liq_discount=0.26805073183854966
A=31	->	Loss=0.22359529390906102,	Liq_discount=0.2723893035560043
A=34	->	Loss=0.23692419277204743,	Liq_discount=0.28075044513888103
A=36	->	Loss=0.2280596353940946,	Liq_discount=0.26998762330249504
A=39	->	Loss=0.24992526466703593,	Liq_discount=0.2875971590599161
A=42	->	Loss=0.24459565002465106,	Liq_discount=0.2798777651307025
A=46	->	Loss=0.255103973451593,	Liq_discount=0.28692348196675443
A=50	->	Loss=0.2598865751799705,	Liq_discount=0.28901373253791185
A=54	->	Loss=0.2721658852305787,	Liq_discount=0.29871998821919354
A=58	->	Loss=0.2615319454657178,	Liq_discount=0.28664200175656374
A=63	->	Loss=0.2693881173306207,	Liq_discount=0.29228483967228036
A=68	->	Loss=0.27022596587741815,	Liq_discount=0.29143489422653224
A=73	->	Loss=0.2771176673768103,	Liq_discount=0.2967033904796852
A=79	->	Loss=0.27603442319337135,	Liq_discount=0.2941750798678022
A=85	->	Loss=0.27896346772474395,	Liq_discount=0.29576759539303754
A=92	->	Loss=0.2894565746638157,	Liq_discount=0.3047673236791837
A=100	->	Loss=0.2807492296033748,	Liq_discount=0.29501781589951115

