Optimizing A @ 0.5% fee

A=10	->	Loss=0.050029564919881454,	Liq_discount=0.22517517182538238
A=11	->	Loss=0.056003560915049676,	Liq_discount=0.21540138871631342
A=12	->	Loss=0.06279079481433525,	Liq_discount=0.20875269177139777
A=13	->	Loss=0.06335197368663088,	Liq_discount=0.19871010271736778
A=14	->	Loss=0.07019471112064514,	Liq_discount=0.19552565144162104
A=15	->	Loss=0.07074376293120622,	Liq_discount=0.18810438041298438
A=16	->	Loss=0.07455517586314629,	Liq_discount=0.18450181285285072
A=17	->	Loss=0.08155426554129921,	Liq_discount=0.1845586713441737
A=18	->	Loss=0.08685711343307495,	Liq_discount=0.18383501150359283
A=20	->	Loss=0.092906105823179,	Liq_discount=0.18000098300808787
A=21	->	Loss=0.09479433789097172,	Liq_discount=0.17772972794536046
A=23	->	Loss=0.10837586420241958,	Liq_discount=0.18321510385701523
A=24	->	Loss=0.11256760694989432,	Liq_discount=0.1840566750027376
A=26	->	Loss=0.11948132867667834,	Liq_discount=0.1851281084920754
A=28	->	Loss=0.12676607766602377,	Liq_discount=0.18735475808424396
A=30	->	Loss=0.12683488029412884,	Liq_discount=0.18348949334877596
A=32	->	Loss=0.13190317769759313,	Liq_discount=0.18479814639710934
A=34	->	Loss=0.13408989148083741,	Liq_discount=0.1838222962871353
A=37	->	Loss=0.13860526023302708,	Liq_discount=0.18415526787997172
A=40	->	Loss=0.1416241646374467,	Liq_discount=0.18367953268804504
A=42	->	Loss=0.14134952742838272,	Liq_discount=0.18145388320833788
A=46	->	Loss=0.14672540633300316,	Liq_discount=0.18317449081096082
A=49	->	Loss=0.1462778820993246,	Liq_discount=0.18055040978805748
A=52	->	Loss=0.15495958261027581,	Liq_discount=0.18695705020485553
A=56	->	Loss=0.15702785685143808,	Liq_discount=0.18670019223767886
A=60	->	Loss=0.1681949566772011,	Liq_discount=0.19554872723372008
A=65	->	Loss=0.1723903484326095,	Liq_discount=0.1975388303480674
A=69	->	Loss=0.17513625147874531,	Liq_discount=0.19876537473473654
A=74	->	Loss=0.17502447511083474,	Liq_discount=0.1970775707857051
A=80	->	Loss=0.1806988576694001,	Liq_discount=0.20097435957658405
A=86	->	Loss=0.17876841068967875,	Liq_discount=0.19768719032857407
A=92	->	Loss=0.18400419630127293,	Liq_discount=0.20158722712322952
A=98	->	Loss=0.19109311739534754,	Liq_discount=0.20746509048417594
A=105	->	Loss=0.19382039142770338,	Liq_discount=0.20905780372933702
A=113	->	Loss=0.1846461736739139,	Liq_discount=0.1989738047327495
A=121	->	Loss=0.19846118894513648,	Liq_discount=0.21162108436848193
A=130	->	Loss=0.20239647446584477,	Liq_discount=0.21459083203751506
A=139	->	Loss=0.20341577841395142,	Liq_discount=0.2148106101384859
A=149	->	Loss=0.2055403816026015,	Liq_discount=0.2161462687207668
A=160	->	Loss=0.20127340515179445,	Liq_discount=0.2112069089781342
A=172	->	Loss=0.20750418361310324,	Liq_discount=0.21667581805669212
A=184	->	Loss=0.20622951340478715,	Liq_discount=0.2148194341566605
A=197	->	Loss=0.20191782667505798,	Liq_discount=0.20998683189602096
A=212	->	Loss=0.20256319756624486,	Liq_discount=0.21005740634587333
A=227	->	Loss=0.20465146153718097,	Liq_discount=0.21163389830248402
A=243	->	Loss=0.2078948155776888,	Liq_discount=0.21439243594854218
A=261	->	Loss=0.20508463337299976,	Liq_discount=0.21115700440107243
A=279	->	Loss=0.2081185102861134,	Liq_discount=0.21377857165751535
A=300	->	Loss=0.21363831583297357,	Liq_discount=0.21886654706118602


A = 21
liquidation_discount = 10%
loan_discount = 13%
LTV = 100% - 19% - 3% = 78%
