1. fee

fee=0.0004999999999999999	->	Loss=0.06649743093527144,	Liq_discount=0.08501637107769222
fee=0.000620235917330657	->	Loss=0.06590022290644572,	Liq_discount=0.08443101053606672
fee=0.0007693851862940024	->	Loss=0.06653187853205295,	Liq_discount=0.08505013529876171
fee=0.0009544006536033582	->	Loss=0.06340768042807145,	Liq_discount=0.08198791542558315
fee=0.001183907129777315	->	Loss=0.0620978019362023,	Liq_discount=0.08070402246625419
fee=0.0014686034493434765	->	Loss=0.0640211713951239,	Liq_discount=0.08258923588248035
fee=0.0018217612151970348	->	Loss=0.06605050765394758,	Liq_discount=0.0845783139160442
fee=0.0022598434769302905	->	Loss=0.06174710883000442,	Liq_discount=0.08036028645354187
fee=0.0028032721838751207	->	Loss=0.06506651275427787,	Liq_discount=0.0836138396296554
fee=0.0034773801889865963	->	Loss=0.06707871909481927,	Liq_discount=0.08558612757038775
fee=0.0043135921828471105	->	Loss=0.06435525695004525,	Liq_discount=0.08291669380658517
fee=0.005350889609037058	->	Loss=0.06942487585707689,	Liq_discount=0.08788574098280921
fee=0.006637627850392354	->	Loss=0.06378237818449821,	Liq_discount=0.0823551798812856
fee=0.008233790397375247	->	Loss=0.06777241765228235,	Liq_discount=0.086266064449535
fee=0.010213785080448772	->	Loss=0.06989208889302465,	Liq_discount=0.08834368538840376
fee=0.012669912717580646	->	Loss=0.07598303492048927,	Liq_discount=0.09431379847053822
fee=0.01571666987377597	->	Loss=0.07747553168956148,	Liq_discount=0.0957766869029596
fee=0.019496086313089075	->	Loss=0.08411385561413091,	Liq_discount=0.10228331893135323
fee=0.02418434595751294	->	Loss=0.08880235047989297,	Liq_discount=0.10687880285247042
fee=0.029999999999999995	->	Loss=0.09829983912234319,	Liq_discount=0.11618787913323958

2. A  (liquidation time ~= 30 min)

A=29	->	Loss=0.017415808330813253,	Liq_discount=0.08330676706891782
A=34	->	Loss=0.019513675129436338,	Liq_discount=0.0758266137771818
A=40	->	Loss=0.02596540471641367,	Liq_discount=0.0736873718444433
A=46	->	Loss=0.02657448496458934,	Liq_discount=0.06815602166316348
A=54	->	Loss=0.029230808952202,	Liq_discount=0.06464808955799495
A=62	->	Loss=0.03820902115560102,	Liq_discount=0.06883047090240801
A=72	->	Loss=0.03832030388761749,	Liq_discount=0.06473378469454272
A=84	->	Loss=0.04469708323356329,	Liq_discount=0.06722339038798608
A=98	->	Loss=0.05084558485893268,	Liq_discount=0.07005611560852332
A=113	->	Loss=0.05874273430238675,	Liq_discount=0.07528277667286354
A=131	->	Loss=0.05833244445512057,	Liq_discount=0.07262014211043699
A=152	->	Loss=0.06171634541409139,	Liq_discount=0.0739963564904732
A=177	->	Loss=0.06385473884271495,	Liq_discount=0.07438420005640989
A=205	->	Loss=0.07029280577671825,	Liq_discount=0.07932723786962137
A=238	->	Loss=0.0734118791519433,	Liq_discount=0.08117179498062488
A=276	->	Loss=0.07467618266332134,	Liq_discount=0.08136171604248876
A=320	->	Loss=0.07446487636085802,	Liq_discount=0.08023480108492675
A=371	->	Loss=0.07288561474768977,	Liq_discount=0.07787260172441335
A=431	->	Loss=0.07722194292384019,	Liq_discount=0.08149591059585126
A=499	->	Loss=0.08148880012781257,	Liq_discount=0.08516421808601682

* Ideal A=70, ideal fee = 0.2%

3. Avg loss

range_size=4	->	Loss=0.007316076183873734,	Liq_discount=0.03535107416926919
range_size=7	->	Loss=0.00485937382945708,	Liq_discount=0.05334235288979983
range_size=10	->	Loss=0.003547356592025278,	Liq_discount=0.07192569269778937
range_size=13	->	Loss=0.0027715959177530645,	Liq_discount=0.09049375243022795
range_size=17	->	Loss=0.002184913591399555,	Liq_discount=0.11485905345839342
range_size=20	->	Loss=0.001941911491161189,	Liq_discount=0.13271842234620002
range_size=23	->	Loss=0.001707543430560896,	Liq_discount=0.1500934311260348
range_size=27	->	Loss=0.001475545794918791,	Liq_discount=0.17258789663408203
range_size=30	->	Loss=0.0013797032323532503,	Liq_discount=0.18898483253511777
range_size=33	->	Loss=0.0012341381100179918,	Liq_discount=0.20489494972009492
range_size=36	->	Loss=0.001183008476437177,	Liq_discount=0.2204469764624415
range_size=40	->	Loss=0.0010984145277236979,	Liq_discount=0.24051743373866796
range_size=43	->	Loss=0.0010332643154991469,	Liq_discount=0.2550964080188912
range_size=46	->	Loss=0.0009964884213394067,	Liq_discount=0.2693049681322991
range_size=50	->	Loss=0.0009389797694206056,	Liq_discount=0.28765470598612575
