1. fee

fee=0.0004999999999999999	->	Loss=0.04574220267290384,	Liq_discount=0.06467288761664647
fee=0.000620235917330657	->	Loss=0.04773422478209202,	Liq_discount=0.06662539174331916
fee=0.0007693851862940024	->	Loss=0.049048921637211015,	Liq_discount=0.06791400747860821
fee=0.0009544006536033582	->	Loss=0.047409418330547834,	Liq_discount=0.06630702884258388
fee=0.001183907129777315	->	Loss=0.046581181328052876,	Liq_discount=0.06549522250882123
fee=0.0014686034493434765	->	Loss=0.045169551662988944,	Liq_discount=0.06411159692873458
fee=0.0018217612151970348	->	Loss=0.046266064931612956,	Liq_discount=0.06518635743067114
fee=0.0022598434769302905	->	Loss=0.04760250541680252,	Liq_discount=0.0664962854431913
fee=0.0028032721838751207	->	Loss=0.04548514383218702,	Liq_discount=0.06442092834120361
fee=0.0034773801889865963	->	Loss=0.04514577566115058,	Liq_discount=0.06408829259817972
fee=0.0043135921828471105	->	Loss=0.048444582295793424,	Liq_discount=0.06732165709625759
fee=0.005350889609037058	->	Loss=0.04698622143080268,	Liq_discount=0.06589222737560407
fee=0.006637627850392354	->	Loss=0.04874221151449887,	Liq_discount=0.06761338190948152
fee=0.008233790397375247	->	Loss=0.049567948587286956,	Liq_discount=0.06842273790745401
fee=0.010213785080448772	->	Loss=0.05401384764891102,	Liq_discount=0.07278043867018757
fee=0.012669912717580646	->	Loss=0.05952696359739419,	Liq_discount=0.0781841847383602
fee=0.01571666987377597	->	Loss=0.0664461987421762,	Liq_discount=0.08496615523521955
fee=0.019496086313089075	->	Loss=0.06871948617287651,	Liq_discount=0.08719434490695188
fee=0.02418434595751294	->	Loss=0.07853465321446178,	Liq_discount=0.09681479744323795
fee=0.029999999999999995	->	Loss=0.0844755314813926,	Liq_discount=0.10263781982774856

2. A

A=29	->	Loss=0.012299748838613768,	Liq_discount=0.07853378460539462
A=31	->	Loss=0.01358906986432149,	Liq_discount=0.07558115216791983
A=33	->	Loss=0.013742426735122486,	Liq_discount=0.07206103176191125
A=35	->	Loss=0.014894263275318493,	Liq_discount=0.06989357098671878
A=37	->	Loss=0.015119747710440373,	Liq_discount=0.06719959096006389
A=39	->	Loss=0.01689617318155733,	Liq_discount=0.06627176443474159
A=42	->	Loss=0.015864383362555638,	Liq_discount=0.06182968142749301
A=44	->	Loss=0.018419289965129756,	Liq_discount=0.0622198834622818
A=47	->	Loss=0.01967497715070341,	Liq_discount=0.06067567246700989
A=50	->	Loss=0.01978357193605497,	Liq_discount=0.058359980885805296
A=53	->	Loss=0.022498475953062317,	Liq_discount=0.058823940418254894
A=56	->	Loss=0.02095381476136863,	Liq_discount=0.05541591057691275
A=59	->	Loss=0.02350073241535152,	Liq_discount=0.05614952046367794
A=63	->	Loss=0.023735624890736266,	Liq_discount=0.054330876431486264
A=67	->	Loss=0.02758250433234145,	Liq_discount=0.05625989911989926
A=70	->	Loss=0.027204071400563478,	Liq_discount=0.054677400266054055
A=75	->	Loss=0.02798638311453553,	Liq_discount=0.053627380637880195
A=79	->	Loss=0.03172039296297883,	Liq_discount=0.05598291106997311
A=84	->	Loss=0.03423071901296289,	Liq_discount=0.05700382593224085
A=89	->	Loss=0.030971467545710972,	Liq_discount=0.0525494508429003
A=94	->	Loss=0.03567975053541098,	Liq_discount=0.05602058261207954
A=100	->	Loss=0.03458587234436189,	Liq_discount=0.05373787795760243
A=106	->	Loss=0.03981560486996294,	Liq_discount=0.05779392891025481
A=112	->	Loss=0.04388159794441971,	Liq_discount=0.060831706440189426
A=119	->	Loss=0.04319700862810388,	Liq_discount=0.059168290925704414
A=126	->	Loss=0.043640337527654845,	Liq_discount=0.05872305931177657
A=133	->	Loss=0.04640253492313588,	Liq_discount=0.06065499736152413
A=141	->	Loss=0.0479225139192172,	Liq_discount=0.06134955193252689
A=149	->	Loss=0.046520129458415216,	Liq_discount=0.05924890716118403
A=158	->	Loss=0.05191023536714663,	Liq_discount=0.06384980707178556
A=167	->	Loss=0.049969180371182496,	Liq_discount=0.061291567237537814
A=177	->	Loss=0.054841915278192065,	Liq_discount=0.0654727498364801
A=188	->	Loss=0.05049058378273762,	Liq_discount=0.06054818175809196
A=199	->	Loss=0.0581113071747796,	Liq_discount=0.06753895010074151
A=211	->	Loss=0.05575419015828879,	Liq_discount=0.06466998558267245
A=223	->	Loss=0.05760161174195833,	Liq_discount=0.06602287346041025
A=237	->	Loss=0.0615479856474073,	Liq_discount=0.06944030604098406
A=251	->	Loss=0.05925509612930651,	Liq_discount=0.06672684376743898
A=265	->	Loss=0.059801060126140324,	Liq_discount=0.06687517663128806
A=281	->	Loss=0.06536023578522769,	Liq_discount=0.07199326773833903
A=298	->	Loss=0.060551947122741936,	Liq_discount=0.06683979909077609
A=315	->	Loss=0.06419652481178509,	Liq_discount=0.07012282730569852
A=334	->	Loss=0.06097222292735856,	Liq_discount=0.0665814809829468
A=354	->	Loss=0.06364211137585991,	Liq_discount=0.06892014016980885
A=375	->	Loss=0.06569306602504034,	Liq_discount=0.07066525097457566
A=397	->	Loss=0.06555055319035055,	Liq_discount=0.07024848193301203
A=420	->	Loss=0.06453197532103355,	Liq_discount=0.06897797530383254
A=445	->	Loss=0.06341274153457273,	Liq_discount=0.06761444344550382
A=472	->	Loss=0.06631454581145818,	Liq_discount=0.07026403529905012
A=499	->	Loss=0.06741882867801952,	Liq_discount=0.07115054755639239

3. avg

range_size=4	->	Loss=0.005136788651633132,	Liq_discount=0.03138054151179093
range_size=7	->	Loss=0.0032831415063350896,	Liq_discount=0.04868380619948065
range_size=10	->	Loss=0.002338583122300475,	Liq_discount=0.06640570066012952
range_size=13	->	Loss=0.001894599859316916,	Liq_discount=0.08413390408904875
range_size=17	->	Loss=0.001478258832698335,	Liq_discount=0.10721888161119053
range_size=20	->	Loss=0.0012751654115555628,	Liq_discount=0.12410804387432883
range_size=23	->	Loss=0.001120721127811369,	Liq_discount=0.1406038853253495
range_size=27	->	Loss=0.0009696956443131722,	Liq_discount=0.16198689082900897
range_size=30	->	Loss=0.0009130541843465822,	Liq_discount=0.1775920647047976
range_size=33	->	Loss=0.0008391039909607214,	Liq_discount=0.1927844714919391
range_size=36	->	Loss=0.0007778056914488385,	Liq_discount=0.20760023533686
range_size=40	->	Loss=0.0007266439840593036,	Liq_discount=0.22679550330541742
range_size=43	->	Loss=0.0006654423813998071,	Liq_discount=0.24075083158040433
range_size=46	->	Loss=0.0006527433949642709,	Liq_discount=0.2543913778797602
range_size=50	->	Loss=0.0006164616061659296,	Liq_discount=0.27203414338466103
