Scan A at fee = 0.5%

A=10	->	Loss=0.053274255650247654,	Liq_discount=0.22782164043619113
A=11	->	Loss=0.05491744793907477,	Liq_discount=0.21449867055195992
A=12	->	Loss=0.06332122168472795,	Liq_discount=0.20920050943162571
A=13	->	Loss=0.06810214224325324,	Liq_discount=0.20277380857899485
A=14	->	Loss=0.06973048765311404,	Liq_discount=0.1951240018961795
A=15	->	Loss=0.07394420286402907,	Liq_discount=0.1909006200921568
A=16	->	Loss=0.07669325967208007,	Liq_discount=0.18638588354478025
A=17	->	Loss=0.08107958208798724,	Liq_discount=0.18413722401055665
A=18	->	Loss=0.08621640608701686,	Liq_discount=0.18326234876765335
A=20	->	Loss=0.094708542457299,	Liq_discount=0.18163035817824025
A=21	->	Loss=0.09713566383666004,	Liq_discount=0.17985654045097854
A=23	->	Loss=0.11099794125061743,	Liq_discount=0.18561709461018772
A=24	->	Loss=0.11428266391300142,	Liq_discount=0.18563357178044892
A=26	->	Loss=0.12182851272484393,	Liq_discount=0.18730029900584544
A=28	->	Loss=0.12600001973422,	Liq_discount=0.18664185250718146
A=30	->	Loss=0.12979027563907636,	Liq_discount=0.18625313025547074
A=32	->	Loss=0.13413456909691482,	Liq_discount=0.18689357441632037
A=34	->	Loss=0.13399065501074575,	Liq_discount=0.1837287593327942
A=37	->	Loss=0.13946607534060126,	Liq_discount=0.1849705636304818
A=40	->	Loss=0.14218419893756148,	Liq_discount=0.18421212860086844
A=42	->	Loss=0.145629999227061,	Liq_discount=0.18553443016052296
A=46	->	Loss=0.1470012657630452,	Liq_discount=0.1834385664333702
A=49	->	Loss=0.15062682405851155,	Liq_discount=0.1847247642197719
A=52	->	Loss=0.15120850348206105,	Liq_discount=0.18334800574194166
A=56	->	Loss=0.1562961179196791,	Liq_discount=0.18599421026974705
A=60	->	Loss=0.16031172525050358,	Liq_discount=0.18792473456184955
A=65	->	Loss=0.17146763851141572,	Liq_discount=0.19664415871004548
A=69	->	Loss=0.17005125748841665,	Liq_discount=0.19382604595271513
A=74	->	Loss=0.1721102091378501,	Liq_discount=0.19424120844062864
A=80	->	Loss=0.1795057301699715,	Liq_discount=0.19981075877697363
A=86	->	Loss=0.18495886748291848,	Liq_discount=0.20373503705973162
A=92	->	Loss=0.18460593274736425,	Liq_discount=0.20217599738685965
A=98	->	Loss=0.18744697683482886,	Liq_discount=0.20389274644637034
A=105	->	Loss=0.1887276675704086,	Liq_discount=0.20406133625502054
A=113	->	Loss=0.19429727197962726,	Liq_discount=0.20845531117371385
A=121	->	Loss=0.19357471653258881,	Liq_discount=0.20681483946962587
A=130	->	Loss=0.2002682970692819,	Liq_discount=0.2124951918042406
A=139	->	Loss=0.19959808538876633,	Liq_discount=0.2110475277475804
A=149	->	Loss=0.2018927708069063,	Liq_discount=0.21254735284606485
A=160	->	Loss=0.20414418966371528,	Liq_discount=0.21404199047338113
A=172	->	Loss=0.19995163093807844,	Liq_discount=0.20921067183961817
A=184	->	Loss=0.2043549206800245,	Liq_discount=0.212965127652184
A=197	->	Loss=0.20189423880477275,	Liq_discount=0.20996348251076258
A=212	->	Loss=0.2010977881514882,	Liq_discount=0.20860576866082403
A=227	->	Loss=0.2054355164036652,	Liq_discount=0.21241106988037095
A=243	->	Loss=0.2075443602468434,	Liq_discount=0.21404485539460982
A=261	->	Loss=0.2118348947214172,	Liq_discount=0.21785570039654178
A=279	->	Loss=0.2100995404637807,	Liq_discount=0.2157454422007804
A=300	->	Loss=0.21185609012116868,	Liq_discount=0.2170961707162944


A = 21
liquidation_discount = 10%
loan_discount = 13%
LTV = 100% - 18.3% - 3% = 78.7%
