1. fee

fee=0.0004999999999999999	->	Loss=0.0661944954996598,	Liq_discount=0.10294440295865115
fee=0.0006371374928515666	->	Loss=0.07913763509135226,	Liq_discount=0.1153781654049626
fee=0.0008118883695943604	->	Loss=0.07741703209034177,	Liq_discount=0.11372527672000188
fee=0.0010345690405573948	->	Loss=0.0737395327351744,	Liq_discount=0.11019250531977975
fee=0.001318325449365179	->	Loss=0.07131761685767024,	Liq_discount=0.10786590392044337
fee=0.0016799091431418903	->	Loss=0.07909952551606868,	Liq_discount=0.1153415556316808
fee=0.0021406661993596974	->	Loss=0.07493018769213868,	Liq_discount=0.1113363020613306
fee=0.0027277973905842595	->	Loss=0.07343932877625818,	Liq_discount=0.10990411588503979
fee=0.0034759639808878023	->	Loss=0.07265709304734393,	Liq_discount=0.10915266503639265
fee=0.004429333952050411	->	Loss=0.07692254592732631,	Liq_discount=0.11325025105560516
fee=0.005644189458423441	->	Loss=0.07439688744384333,	Liq_discount=0.1108239898396407
fee=0.007192249441438314	->	Loss=0.07448903988712936,	Liq_discount=0.11091251562432758
fee=0.009164903554162177	->	Loss=0.07447488656729206,	Liq_discount=0.11089891930826856
fee=0.011678607345450604	->	Loss=0.0780328731745104,	Liq_discount=0.11431688138369145
fee=0.014881757208156586	->	Loss=0.0763002970396002,	Liq_discount=0.11265249076741102
fee=0.018963450953661247	->	Loss=0.07596509729671498,	Liq_discount=0.11233048280747404
fee=0.02416465119285876	->	Loss=0.07750184053313465,	Liq_discount=0.11380674752727071
fee=0.0307924105533013	->	Loss=0.08202535823777239,	Liq_discount=0.11815224223222232
fee=0.03923799851757305	->	Loss=0.08540084268612101,	Liq_discount=0.12139488451964109
fee=0.049999999999999996	->	Loss=0.08489473719328469,	Liq_discount=0.12090869680404692

2. A

A=10	->	Loss=0.017585077451373724,	Liq_discount=0.1987124594085693
A=12	->	Loss=0.02631060711591604,	Liq_discount=0.17795396491261695
A=16	->	Loss=0.03373155230118539,	Liq_discount=0.14852820303920544
A=20	->	Loss=0.03730112272308963,	Liq_discount=0.1297349281105371
A=26	->	Loss=0.045508941169487026,	Liq_discount=0.11667070799567136
A=33	->	Loss=0.05614740171265459,	Liq_discount=0.11195854920104498
A=42	->	Loss=0.06421374172457503,	Liq_discount=0.1079208218866261
A=54	->	Loss=0.07842667276665077,	Liq_discount=0.1120491047828629
A=69	->	Loss=0.08990798071131328,	Liq_discount=0.1159785608969719
A=88	->	Loss=0.0900407467281265,	Liq_discount=0.11053152683428047
A=112	->	Loss=0.09380852842812862,	Liq_discount=0.1098735301350946
A=143	->	Loss=0.10014815862016604,	Liq_discount=0.11266218365340852
A=183	->	Loss=0.11261513419942423,	Liq_discount=0.12227036098174104
A=233	->	Loss=0.10472103525352998,	Liq_discount=0.11237907960600757
A=297	->	Loss=0.11050115219110608,	Liq_discount=0.11647467814945878
A=379	->	Loss=0.11644991049995727,	Liq_discount=0.12110245855831747
A=483	->	Loss=0.1304815016950797,	Liq_discount=0.1340759404673849
A=615	->	Loss=0.13006621036372137,	Liq_discount=0.13289152810527127
A=784	->	Loss=0.13160528361845153,	Liq_discount=0.13381828156539088
A=1000	->	Loss=0.13543753591904475,	Liq_discount=0.13716525647350675

3. avg_loss

range_size=4	->	Loss=0.005871016201704558,	Liq_discount=0.025592670704756793
range_size=9	->	Loss=0.0033244870465295967,	Liq_discount=0.04707574827100858
range_size=14	->	Loss=0.002289580422567202,	Liq_discount=0.06930530924647749
range_size=19	->	Loss=0.0017530447746469957,	Liq_discount=0.09127984856756344
range_size=24	->	Loss=0.0014077268567121133,	Liq_discount=0.11271932049800393
range_size=29	->	Loss=0.0011569217308928326,	Liq_discount=0.13355326214841656
range_size=34	->	Loss=0.001073504129990741,	Liq_discount=0.1538625359285608
range_size=39	->	Loss=0.0009186211229891372,	Liq_discount=0.17346376048328882
range_size=44	->	Loss=0.0008417803960559446,	Liq_discount=0.19250538286724428
range_size=50	->	Loss=0.0007659860491439283,	Liq_discount=0.21457408462069016

